2018-07-02 17:41:44       pyautoguiwrapper.py  [line:47] root:  DEBUG    checkScreenResolution pass
2018-07-02 17:41:45       pyautoguiwrapper.py  [line:47] root:  DEBUG    checkScreenResolution pass
2018-07-02 17:41:46       pyautoguiwrapper.py  [line:47] root:  DEBUG    checkScreenResolution pass2018-07-03 09:26:02       pyautoguiwrapper.py  [line:48] root:  DEBUG    file: tpsautomation.model.pyautoguiwrapper message: checkScreenResolution pass
2018-07-03 09:26:59       pyautoguiwrapper.py  [line:48] root:  DEBUG    file: tpsautomation.model.pyautoguiwrapper -- message: checkScreenResolution pass
2018-07-03 09:27:06       pyautoguiwrapper.py  [line:48] root:  DEBUG    file: tpsautomation.model.pyautoguiwrapper -- message: checkScreenResolution pass
2018-07-03 10:44:33       pyautoguiwrapper.py  [line:50] root:  DEBUG    file: tpsautomation.model.pyautoguiwrapper -- message: checkScreenResolution pass
2018-07-03 11:16:36       pyautoguiwrapper.py  [line:50] root:  DEBUG    file: tpsautomation.model.pyautoguiwrapper -- message: checkScreenResolution pass
2018-07-03 11:17:01       pyautoguiwrapper.py  [line:50] root:  DEBUG    file: tpsautomation.model.pyautoguiwrapper -- message: checkScreenResolution pass
2018-07-03 11:17:21       pyautoguiwrapper.py  [line:50] root:  DEBUG    file: tpsautomation.model.pyautoguiwrapper -- message: checkScreenResolution pass
2018-07-03 11:17:31       pyautoguiwrapper.py  [line:50] root:  DEBUG    file: tpsautomation.model.pyautoguiwrapper -- message: checkScreenResolution pass
2018-07-03 11:18:22       pyautoguiwrapper.py  [line:50] root:  DEBUG    file: tpsautomation.model.pyautoguiwrapper -- message: checkScreenResolution pass
2018-07-03 11:22:16       pyautoguiwrapper.py  [line:50] root:  DEBUG    file: tpsautomation.model.pyautoguiwrapper -- message: checkScreenResolution pass
2018-07-03 11:22:33       pyautoguiwrapper.py  [line:50] root:  DEBUG    file: tpsautomation.model.pyautoguiwrapper -- message: checkScreenResolution pass
2018-07-03 11:22:52       pyautoguiwrapper.py  [line:50] root:  DEBUG    file: tpsautomation.model.pyautoguiwrapper -- message: checkScreenResolution pass
2018-07-03 11:23:59       pyautoguiwrapper.py  [line:50] root:  DEBUG    file: tpsautomation.model.pyautoguiwrapper -- message: checkScreenResolution pass
2018-07-03 11:24:34       pyautoguiwrapper.py  [line:50] root:  DEBUG    file: tpsautomation.model.pyautoguiwrapper -- message: checkScreenResolution pass
2018-07-03 11:25:24       pyautoguiwrapper.py  [line:50] root:  DEBUG    file: tpsautomation.model.pyautoguiwrapper -- message: checkScreenResolution pass
2018-07-03 11:26:31       pyautoguiwrapper.py  [line:50] root:  DEBUG    file: tpsautomation.model.pyautoguiwrapper -- message: checkScreenResolution pass
2018-07-03 11:33:28       pyautoguiwrapper.py  [line:50] root:  DEBUG    file: tpsautomation.model.pyautoguiwrapper -- message: checkScreenResolution successful
2018-07-03 11:35:04       pyautoguiwrapper.py  [line:53] root:  DEBUG    file: tpsautomation.model.pyautoguiwrapper -- message: checkScreenResolution successful
2018-07-03 11:36:24       pyautoguiwrapper.py  [line:53] root:  DEBUG    file: tpsautomation.model.pyautoguiwrapper -- message: checkScreenResolution successful
2018-07-03 11:36:24       pyautoguiwrapper.py  [line:66] root:  DEBUG    file: tpsautomation.model.pyautoguiwrapper -- message: move_mouse successful
2018-07-03 11:36:44       pyautoguiwrapper.py  [line:53] root:  DEBUG    file: tpsautomation.model.pyautoguiwrapper -- message: checkScreenResolution successful
2018-07-03 11:36:44       pyautoguiwrapper.py  [line:66] root:  DEBUG    file: tpsautomation.model.pyautoguiwrapper -- message: move_mouse successful
2018-07-03 11:37:16       pyautoguiwrapper.py  [line:53] root:  DEBUG    file: tpsautomation.model.pyautoguiwrapper -- message: checkScreenResolution successful
2018-07-03 11:37:16       pyautoguiwrapper.py  [line:66] root:  DEBUG    file: tpsautomation.model.pyautoguiwrapper -- message: move_mouse successful
2018-07-03 11:51:13       pyautoguiwrapper.py  [line:53] root:  DEBUG    file: tpsautomation.model.pyautoguiwrapper -- message: checkScreenResolution successful
2018-07-03 11:51:13       pyautoguiwrapper.py  [line:62] root:  ERROR    file: tpsautomation.model.pyautoguiwrapper function: move_mouse lineno: 58 (x: 960, y: 540)
2018-07-03 13:33:08       pyautoguiwrapper.py  [line:53] root:  DEBUG    file: tpsautomation.model.pyautoguiwrapper -- message: checkScreenResolution successful
2018-07-03 13:33:08       pyautoguiwrapper.py  [line:62] root:  ERROR    file: tpsautomation.model.pyautoguiwrapper function: move_mouse lineno: 58 (x: 960, y: 540)
2018-07-03 13:35:53       pyautoguiwrapper.py  [line:53] root:  DEBUG    file: tpsautomation.model.pyautoguiwrapper -- message: checkScreenResolution successful
2018-07-03 13:35:53       pyautoguiwrapper.py  [line:62] root:  ERROR    file: tpsautomation.model.pyautoguiwrapper function: move_mouse lineno: 58 (x: 960, y: 540)
2018-07-03 13:39:06       pyautoguiwrapper.py  [line:54] root:  DEBUG    file: tpsautomation.model.pyautoguiwrapper -- message: checkScreenResolution successful
2018-07-03 13:40:11       pyautoguiwrapper.py  [line:54] root:  DEBUG    file: tpsautomation.model.pyautoguiwrapper -- message: checkScreenResolution successful
2018-07-03 13:40:28       pyautoguiwrapper.py  [line:54] root:  DEBUG    file: tpsautomation.model.pyautoguiwrapper -- message: checkScreenResolution successful
2018-07-03 13:40:38       pyautoguiwrapper.py  [line:54] root:  DEBUG    file: tpsautomation.model.pyautoguiwrapper -- message: checkScreenResolution successful
2018-07-03 13:45:27       pyautoguiwrapper.py  [line:55] root:  DEBUG    file: tpsautomation.model.pyautoguiwrapper -- message: checkScreenResolution successful
2018-07-03 13:45:48       pyautoguiwrapper.py  [line:56] root:  DEBUG    file: tpsautomation.model.pyautoguiwrapper -- message: checkScreenResolution successful
2018-07-03 13:46:46       pyautoguiwrapper.py  [line:56] root:  DEBUG    file: tpsautomation.model.pyautoguiwrapper -- message: checkScreenResolution successful
2018-07-03 13:49:05       pyautoguiwrapper.py  [line:56] root:  DEBUG    file: tpsautomation.model.pyautoguiwrapper -- message: checkScreenResolution successful
2018-07-03 13:49:31       pyautoguiwrapper.py  [line:56] root:  DEBUG    file: tpsautomation.model.pyautoguiwrapper -- message: checkScreenResolution successful
2018-07-03 13:52:28       pyautoguiwrapper.py  [line:56] root:  DEBUG    file: tpsautomation.model.pyautoguiwrapper -- message: checkScreenResolution successful
2018-07-03 13:53:03       pyautoguiwrapper.py  [line:56] root:  DEBUG    file: tpsautomation.model.pyautoguiwrapper -- message: checkScreenResolution successful
2018-07-03 13:53:41       pyautoguiwrapper.py  [line:56] root:  DEBUG    file: tpsautomation.model.pyautoguiwrapper -- message: checkScreenResolution successful
2018-07-03 13:54:01       pyautoguiwrapper.py  [line:56] root:  DEBUG    file: tpsautomation.model.pyautoguiwrapper -- message: checkScreenResolution successful
2018-07-03 13:54:01       pyautoguiwrapper.py  [line:69] root:  DEBUG    file: tpsautomation.model.pyautoguiwrapper -- message: move_mouse successful
2018-07-03 13:55:25       pyautoguiwrapper.py  [line:56] root:  DEBUG    file: tpsautomation.model.pyautoguiwrapper -- message: checkScreenResolution successful
2018-07-03 13:55:25       pyautoguiwrapper.py  [line:69] root:  DEBUG    file: tpsautomation.model.pyautoguiwrapper -- message: move_mouse successful
2018-07-03 13:55:54       pyautoguiwrapper.py  [line:56] root:  DEBUG    file: tpsautomation.model.pyautoguiwrapper -- message: checkScreenResolution successful
2018-07-03 13:55:54       pyautoguiwrapper.py  [line:69] root:  DEBUG    file: tpsautomation.model.pyautoguiwrapper -- message: move_mouse successful
2018-07-03 13:57:44       pyautoguiwrapper.py  [line:69] root:  DEBUG    file: tpsautomation.model.pyautoguiwrapper -- message: move_mouse successful
2018-07-03 14:43:56       pyautoguiwrapper.py  [line:71] root:  DEBUG    file: tpsautomation.model.pyautoguiwrapper -- message: move_mouse successful
2018-07-03 14:46:04       pyautoguiwrapper.py  [line:72] root:  DEBUG    file: tpsautomation.model.pyautoguiwrapper -- message: move_mouse successful
2018-07-03 14:46:49       pyautoguiwrapper.py  [line:72] root:  DEBUG    file: tpsautomation.model.pyautoguiwrapper -- message: move_mouse successful
2018-07-03 14:48:03       pyautoguiwrapper.py  [line:72] root:  DEBUG    file: tpsautomation.model.pyautoguiwrapper -- message: move_mouse successful
2018-07-03 14:53:10       pyautoguiwrapper.py  [line:68] root:  ERROR    file: tpsautomation.model.pyautoguiwrapper function: move_mouse lineno: 64 (x: 200, y: 200, duration: {})
2018-07-03 14:58:22       pyautoguiwrapper.py  [line:60] root:  DEBUG    file: tpsautomation.model.pyautoguiwrapper -- message: checkScreenResolution successful
2018-07-03 14:58:22       pyautoguiwrapper.py  [line:89] root:  DEBUG    file: tpsautomation.model.pyautoguiwrapper -- message: move_mouse successful
2018-07-03 15:01:07       pyautoguiwrapper.py  [line:60] root:  DEBUG    file: tpsautomation.model.pyautoguiwrapper -- message: checkScreenResolution successful
2018-07-03 15:01:07       pyautoguiwrapper.py  [line:74] root:  DEBUG    file: tpsautomation.model.pyautoguiwrapper -- message: move_mouse successful
2018-07-03 15:01:12       pyautoguiwrapper.py  [line:89] root:  DEBUG    file: tpsautomation.model.pyautoguiwrapper -- message: move_mouse_rel successful
2018-07-03 15:03:00       pyautoguiwrapper.py  [line:63] root:  DEBUG    file: tpsautomation.model.pyautoguiwrapper -- message: checkScreenResolution successful
2018-07-03 15:03:00       pyautoguiwrapper.py  [line:77] root:  DEBUG    file: tpsautomation.model.pyautoguiwrapper -- message: move_mouse successful
2018-07-03 15:03:05       pyautoguiwrapper.py  [line:92] root:  DEBUG    file: tpsautomation.model.pyautoguiwrapper -- message: move_mouse_rel successful
2018-07-03 15:03:24       pyautoguiwrapper.py  [line:63] root:  DEBUG    file: tpsautomation.model.pyautoguiwrapper -- message: checkScreenResolution successful
2018-07-03 15:03:24       pyautoguiwrapper.py  [line:77] root:  DEBUG    file: tpsautomation.model.pyautoguiwrapper -- message: move_mouse successful
2018-07-03 15:03:29       pyautoguiwrapper.py  [line:92] root:  DEBUG    file: tpsautomation.model.pyautoguiwrapper -- message: move_mouse_rel successful
2018-07-03 15:04:17       pyautoguiwrapper.py  [line:63] root:  DEBUG    file: tpsautomation.model.pyautoguiwrapper -- message: checkScreenResolution successful
2018-07-03 15:04:17       pyautoguiwrapper.py  [line:77] root:  DEBUG    file: tpsautomation.model.pyautoguiwrapper -- message: move_mouse successful
2018-07-03 15:04:22       pyautoguiwrapper.py  [line:92] root:  DEBUG    file: tpsautomation.model.pyautoguiwrapper -- message: move_mouse_rel successful
2018-07-03 15:18:04       pyautoguiwrapper.py  [line:69] root:  DEBUG    file: tpsautomation.model.pyautoguiwrapper -- message: checkScreenResolution successful
2018-07-03 15:18:04       pyautoguiwrapper.py  [line:83] root:  DEBUG    file: tpsautomation.model.pyautoguiwrapper -- message: move_mouse successful
2018-07-03 15:18:09       pyautoguiwrapper.py  [line:98] root:  DEBUG    file: tpsautomation.model.pyautoguiwrapper -- message: move_mouse_rel successful
2018-07-03 15:18:43       pyautoguiwrapper.py  [line:69] root:  DEBUG    file: tpsautomation.model.pyautoguiwrapper -- message: checkScreenResolution successful
2018-07-03 15:18:43       pyautoguiwrapper.py  [line:83] root:  DEBUG    file: tpsautomation.model.pyautoguiwrapper -- message: move_mouse successful
2018-07-03 15:18:48       pyautoguiwrapper.py  [line:98] root:  DEBUG    file: tpsautomation.model.pyautoguiwrapper -- message: move_mouse_rel successful
2018-07-03 15:19:40       pyautoguiwrapper.py  [line:69] root:  DEBUG    file: tpsautomation.model.pyautoguiwrapper -- message: checkScreenResolution successful
2018-07-03 15:19:40       pyautoguiwrapper.py  [line:83] root:  DEBUG    file: tpsautomation.model.pyautoguiwrapper -- message: move_mouse successful
2018-07-03 15:19:45       pyautoguiwrapper.py  [line:98] root:  DEBUG    file: tpsautomation.model.pyautoguiwrapper -- message: move_mouse_rel successful
2018-07-03 16:12:58       pyautoguiwrapper.py  [line:69] root:  DEBUG    file: tpsautomation.model.pyautoguiwrapper -- message: checkScreenResolution successful
2018-07-03 16:12:58       pyautoguiwrapper.py  [line:83] root:  DEBUG    file: tpsautomation.model.pyautoguiwrapper -- message: move_mouse successful
2018-07-03 16:13:03       pyautoguiwrapper.py  [line:98] root:  DEBUG    file: tpsautomation.model.pyautoguiwrapper -- message: move_mouse_rel successful
2018-07-03 16:13:50       pyautoguiwrapper.py  [line:69] root:  DEBUG    file: tpsautomation.model.pyautoguiwrapper -- message: checkScreenResolution successful
2018-07-03 16:13:50       pyautoguiwrapper.py  [line:83] root:  DEBUG    file: tpsautomation.model.pyautoguiwrapper -- message: move_mouse successful
2018-07-03 16:13:55       pyautoguiwrapper.py  [line:98] root:  DEBUG    file: tpsautomation.model.pyautoguiwrapper -- message: move_mouse_rel successful
2018-07-03 16:14:59       pyautoguiwrapper.py  [line:69] root:  DEBUG    file: tpsautomation.model.pyautoguiwrapper -- message: checkScreenResolution successful
2018-07-03 16:14:59       pyautoguiwrapper.py  [line:83] root:  DEBUG    file: tpsautomation.model.pyautoguiwrapper -- message: move_mouse successful
2018-07-03 16:15:04       pyautoguiwrapper.py  [line:98] root:  DEBUG    file: tpsautomation.model.pyautoguiwrapper -- message: move_mouse_rel successful
2018-07-03 16:16:30       pyautoguiwrapper.py  [line:69] root:  DEBUG    file: tpsautomation.model.pyautoguiwrapper -- message: checkScreenResolution successful
2018-07-03 16:16:30       pyautoguiwrapper.py  [line:83] root:  DEBUG    file: tpsautomation.model.pyautoguiwrapper -- message: move_mouse successful
2018-07-03 16:16:35       pyautoguiwrapper.py  [line:98] root:  DEBUG    file: tpsautomation.model.pyautoguiwrapper -- message: move_mouse_rel successful
2018-07-03 16:18:59       pyautoguiwrapper.py  [line:69] root:  DEBUG    file: tpsautomation.model.pyautoguiwrapper -- message: checkScreenResolution successful
2018-07-03 16:18:59       pyautoguiwrapper.py  [line:83] root:  DEBUG    file: tpsautomation.model.pyautoguiwrapper -- message: move_mouse successful
2018-07-03 16:19:04       pyautoguiwrapper.py  [line:98] root:  DEBUG    file: tpsautomation.model.pyautoguiwrapper -- message: move_mouse_rel successful
2018-07-03 16:20:17       pyautoguiwrapper.py  [line:69] root:  DEBUG    file: tpsautomation.model.pyautoguiwrapper -- message: checkScreenResolution successful
2018-07-03 16:20:17       pyautoguiwrapper.py  [line:83] root:  DEBUG    file: tpsautomation.model.pyautoguiwrapper -- message: move_mouse successful
2018-07-03 16:20:22       pyautoguiwrapper.py  [line:98] root:  DEBUG    file: tpsautomation.model.pyautoguiwrapper -- message: move_mouse_rel successful
2018-07-03 16:22:06       pyautoguiwrapper.py  [line:69] root:  DEBUG    file: tpsautomation.model.pyautoguiwrapper -- message: checkScreenResolution successful
2018-07-03 16:22:06       pyautoguiwrapper.py  [line:83] root:  DEBUG    file: tpsautomation.model.pyautoguiwrapper -- message: move_mouse successful
2018-07-03 16:22:11       pyautoguiwrapper.py  [line:98] root:  DEBUG    file: tpsautomation.model.pyautoguiwrapper -- message: move_mouse_rel successful
2018-07-03 16:22:33       pyautoguiwrapper.py  [line:69] root:  DEBUG    file: tpsautomation.model.pyautoguiwrapper -- message: checkScreenResolution successful
2018-07-03 16:22:33       pyautoguiwrapper.py  [line:83] root:  DEBUG    file: tpsautomation.model.pyautoguiwrapper -- message: move_mouse successful
2018-07-03 16:22:38       pyautoguiwrapper.py  [line:98] root:  DEBUG    file: tpsautomation.model.pyautoguiwrapper -- message: move_mouse_rel successful
2018-07-03 16:23:11       pyautoguiwrapper.py  [line:69] root:  DEBUG    file: tpsautomation.model.pyautoguiwrapper -- message: checkScreenResolution successful
2018-07-03 16:23:11       pyautoguiwrapper.py  [line:83] root:  DEBUG    file: tpsautomation.model.pyautoguiwrapper -- message: move_mouse successful
2018-07-03 16:23:16       pyautoguiwrapper.py  [line:98] root:  DEBUG    file: tpsautomation.model.pyautoguiwrapper -- message: move_mouse_rel successful
2018-07-03 16:24:14       pyautoguiwrapper.py  [line:83] root:  DEBUG    file: tpsautomation.model.pyautoguiwrapper -- message: move_mouse successful
2018-07-03 16:25:16       pyautoguiwrapper.py  [line:83] root:  DEBUG    file: tpsautomation.model.pyautoguiwrapper -- message: move_mouse successful
2018-07-03 16:26:15       pyautoguiwrapper.py  [line:83] root:  DEBUG    file: tpsautomation.model.pyautoguiwrapper -- message: move_mouse successful
2018-07-03 17:45:40       pyautoguiwrapper.py  [line:69] root:  DEBUG    file: tpsautomation.model.pyautoguiwrapper -- message: checkScreenResolution successful
2018-07-03 17:45:40       pyautoguiwrapper.py  [line:83] root:  DEBUG    file: tpsautomation.model.pyautoguiwrapper -- message: move_mouse successful
2018-07-03 17:45:46       pyautoguiwrapper.py  [line:98] root:  DEBUG    file: tpsautomation.model.pyautoguiwrapper -- message: move_mouse_rel successful
2018-07-03 17:46:55       pyautoguiwrapper.py  [line:69] root:  DEBUG    file: tpsautomation.model.pyautoguiwrapper -- message: checkScreenResolution successful
2018-07-03 17:46:55       pyautoguiwrapper.py  [line:83] root:  DEBUG    file: tpsautomation.model.pyautoguiwrapper -- message: move_mouse successful
2018-07-03 17:47:00       pyautoguiwrapper.py  [line:98] root:  DEBUG    file: tpsautomation.model.pyautoguiwrapper -- message: move_mouse_rel successful
2018-07-03 17:47:36       pyautoguiwrapper.py  [line:69] root:  DEBUG    file: tpsautomation.model.pyautoguiwrapper -- message: checkScreenResolution successful
2018-07-03 17:47:36       pyautoguiwrapper.py  [line:83] root:  DEBUG    file: tpsautomation.model.pyautoguiwrapper -- message: move_mouse successful
2018-07-03 17:47:41       pyautoguiwrapper.py  [line:98] root:  DEBUG    file: tpsautomation.model.pyautoguiwrapper -- message: move_mouse_rel successful
2018-07-03 17:52:37       pyautoguiwrapper.py  [line:69] root:  DEBUG    file: tpsautomation.model.pyautoguiwrapper -- message: checkScreenResolution successful
2018-07-03 17:52:37       pyautoguiwrapper.py  [line:83] root:  DEBUG    file: tpsautomation.model.pyautoguiwrapper -- message: move_mouse successful
2018-07-03 17:52:42       pyautoguiwrapper.py  [line:98] root:  DEBUG    file: tpsautomation.model.pyautoguiwrapper -- message: move_mouse_rel successful
2018-07-06 11:25:51       pyautoguiwrapper.py  [line:83] root:  DEBUG    file: tpsautomation.model.pyautoguiwrapper -- message: move_mouse successful
2018-07-06 11:27:06       pyautoguiwrapper.py  [line:83] root:  DEBUG    file: tpsautomation.model.pyautoguiwrapper -- message: move_mouse successful
2018-07-06 13:51:42       pyautoguiwrapper.py  [line:83] root:  DEBUG    file: tpsautomation.model.pyautoguiwrapper -- message: move_mouse successful
2018-07-06 14:07:22       pyautoguiwrapper.py  [line:83] root:  DEBUG    file: tpsautomation.model.pyautoguiwrapper -- message: move_mouse successful
2018-07-06 14:07:48       pyautoguiwrapper.py  [line:83] root:  DEBUG    file: tpsautomation.model.pyautoguiwrapper -- message: move_mouse successful
2018-07-06 14:11:01       pyautoguiwrapper.py  [line:83] root:  DEBUG    file: tpsautomation.model.pyautoguiwrapper -- message: move_mouse successful
2018-07-06 14:11:30       pyautoguiwrapper.py  [line:83] root:  DEBUG    file: tpsautomation.model.pyautoguiwrapper -- message: move_mouse successful
2018-07-06 14:13:30       pyautoguiwrapper.py  [line:83] root:  DEBUG    file: tpsautomation.model.pyautoguiwrapper -- message: move_mouse successful
2018-07-06 14:13:57       pyautoguiwrapper.py  [line:83] root:  DEBUG    file: tpsautomation.model.pyautoguiwrapper -- message: move_mouse successful
2018-07-06 14:14:50       pyautoguiwrapper.py  [line:83] root:  DEBUG    file: tpsautomation.model.pyautoguiwrapper -- message: move_mouse successful
2018-07-06 14:15:13       pyautoguiwrapper.py  [line:83] root:  DEBUG    file: tpsautomation.model.pyautoguiwrapper -- message: move_mouse successful
2018-07-06 15:14:04       pyautoguiwrapper.py  [line:83] root:  DEBUG    file: tpsautomation.model.pyautoguiwrapper -- message: move_mouse successful
2018-07-06 15:14:33       pyautoguiwrapper.py  [line:83] root:  DEBUG    file: tpsautomation.model.pyautoguiwrapper -- message: move_mouse successful
2018-07-06 15:14:41       pyautoguiwrapper.py  [line:83] root:  DEBUG    file: tpsautomation.model.pyautoguiwrapper -- message: move_mouse successful
2018-07-06 15:15:22       pyautoguiwrapper.py  [line:83] root:  DEBUG    file: tpsautomation.model.pyautoguiwrapper -- message: move_mouse successful
2018-07-06 15:21:44       pyautoguiwrapper.py  [line:82] root:  DEBUG    file: tpsautomation.model.pyautoguiwrapper -- message: move_mouse successful
2018-07-06 15:22:13       pyautoguiwrapper.py  [line:82] root:  DEBUG    file: tpsautomation.model.pyautoguiwrapper -- message: move_mouse successful
2018-07-06 15:22:21       pyautoguiwrapper.py  [line:82] root:  DEBUG    file: tpsautomation.model.pyautoguiwrapper -- message: move_mouse successful
2018-07-06 15:23:03       pyautoguiwrapper.py  [line:82] root:  DEBUG    file: tpsautomation.model.pyautoguiwrapper -- message: move_mouse successful
2018-07-06 15:23:11       pyautoguiwrapper.py  [line:82] root:  DEBUG    file: tpsautomation.model.pyautoguiwrapper -- message: move_mouse successful
2018-07-06 15:23:22       pyautoguiwrapper.py  [line:82] root:  DEBUG    file: tpsautomation.model.pyautoguiwrapper -- message: move_mouse successful
2018-07-06 15:23:30       pyautoguiwrapper.py  [line:82] root:  DEBUG    file: tpsautomation.model.pyautoguiwrapper -- message: move_mouse successful
2018-07-06 15:26:00       pyautoguiwrapper.py  [line:82] root:  DEBUG    file: tpsautomation.model.pyautoguiwrapper -- message: move_mouse successful
2018-07-06 15:26:08       pyautoguiwrapper.py  [line:82] root:  DEBUG    file: tpsautomation.model.pyautoguiwrapper -- message: move_mouse successful
2018-07-06 15:26:58       pyautoguiwrapper.py  [line:82] root:  DEBUG    file: tpsautomation.model.pyautoguiwrapper -- message: move_mouse successful
2018-07-06 15:27:06       pyautoguiwrapper.py  [line:82] root:  DEBUG    file: tpsautomation.model.pyautoguiwrapper -- message: move_mouse successful
2018-07-06 15:27:55       pyautoguiwrapper.py  [line:82] root:  DEBUG    file: tpsautomation.model.pyautoguiwrapper -- message: move_mouse successful
2018-07-06 15:28:03       pyautoguiwrapper.py  [line:82] root:  DEBUG    file: tpsautomation.model.pyautoguiwrapper -- message: move_mouse successful
2018-07-06 15:28:21       pyautoguiwrapper.py  [line:82] root:  DEBUG    file: tpsautomation.model.pyautoguiwrapper -- message: move_mouse successful
2018-07-06 15:36:37       login.py  [line:61] root:  ERROR    file: __main__ exception: ("close() missing 1 required positional argument: 'path_or_title'",)
2018-07-06 15:51:46       login.py  [line:64] root:  ERROR    file: __main__ exception: ("close() missing 1 required positional argument: 'path_or_title'",)
2018-07-06 15:51:58       login.py  [line:64] root:  ERROR    file: __main__ exception: ("close() missing 1 required positional argument: 'path_or_title'",)
2018-07-06 15:52:08       login.py  [line:64] root:  ERROR    file: __main__ exception: ("close() missing 1 required positional argument: 'path_or_title'",)
2018-07-06 15:52:20       login.py  [line:64] root:  ERROR    file: __main__ exception: ("close() missing 1 required positional argument: 'path_or_title'",)
2018-07-06 16:03:53       login.py  [line:66] root:  ERROR    file: __main__ exception: ("close() missing 1 required positional argument: 'path_or_title'",)
2018-07-06 16:04:53       login.py  [line:66] root:  ERROR    file: __main__ exception: ("close() missing 1 required positional argument: 'path_or_title'",)
2018-07-06 16:05:10       login.py  [line:66] root:  ERROR    file: __main__ exception: ("close() missing 1 required positional argument: 'path_or_title'",)
2018-07-06 16:06:14       login.py  [line:66] root:  ERROR    file: __main__ exception: ("close() missing 1 required positional argument: 'path_or_title'",)
2018-07-06 16:08:19       pyautoguiwrapper.py  [line:83] root:  DEBUG    file: tpsautomation.model.pyautoguiwrapper -- message: move_mouse successful
2018-07-06 16:08:27       pyautoguiwrapper.py  [line:83] root:  DEBUG    file: tpsautomation.model.pyautoguiwrapper -- message: move_mouse successful
2018-07-06 16:08:59       pyautoguiwrapper.py  [line:83] root:  DEBUG    file: tpsautomation.model.pyautoguiwrapper -- message: move_mouse successful
2018-07-06 16:09:07       pyautoguiwrapper.py  [line:83] root:  DEBUG    file: tpsautomation.model.pyautoguiwrapper -- message: move_mouse successful
2018-07-06 16:09:18       pyautoguiwrapper.py  [line:83] root:  DEBUG    file: tpsautomation.model.pyautoguiwrapper -- message: move_mouse successful
2018-07-06 16:09:27       pyautoguiwrapper.py  [line:83] root:  DEBUG    file: tpsautomation.model.pyautoguiwrapper -- message: move_mouse successful
2018-07-06 16:12:11       pyautoguiwrapper.py  [line:83] root:  DEBUG    file: tpsautomation.model.pyautoguiwrapper -- message: move_mouse successful
2018-07-06 16:12:37       pyautoguiwrapper.py  [line:83] root:  DEBUG    file: tpsautomation.model.pyautoguiwrapper -- message: move_mouse successful
2018-07-06 16:12:46       pyautoguiwrapper.py  [line:83] root:  DEBUG    file: tpsautomation.model.pyautoguiwrapper -- message: move_mouse successful
2018-07-06 16:13:18       pyautoguiwrapper.py  [line:83] root:  DEBUG    file: tpsautomation.model.pyautoguiwrapper -- message: move_mouse successful
2018-07-06 16:13:26       pyautoguiwrapper.py  [line:83] root:  DEBUG    file: tpsautomation.model.pyautoguiwrapper -- message: move_mouse successful
2018-07-06 16:13:37       pyautoguiwrapper.py  [line:83] root:  DEBUG    file: tpsautomation.model.pyautoguiwrapper -- message: move_mouse successful
2018-07-06 16:13:45       pyautoguiwrapper.py  [line:83] root:  DEBUG    file: tpsautomation.model.pyautoguiwrapper -- message: move_mouse successful
2018-07-06 16:13:58       login.py  [line:88] root:  ERROR    file: __main__ exception: ("Could not find 'C:\\IndelPlan\\IndelPlanV2.0.exe' in 'dict_keys(['Login Desktop', 'Login DesktopDialog', 'Dialog'])'",)
2018-07-06 16:17:54       pyautoguiwrapper.py  [line:83] root:  DEBUG    file: tpsautomation.model.pyautoguiwrapper -- message: move_mouse successful
2018-07-06 16:18:20       pyautoguiwrapper.py  [line:83] root:  DEBUG    file: tpsautomation.model.pyautoguiwrapper -- message: move_mouse successful
2018-07-06 16:18:28       pyautoguiwrapper.py  [line:83] root:  DEBUG    file: tpsautomation.model.pyautoguiwrapper -- message: move_mouse successful
2018-07-06 16:19:01       pyautoguiwrapper.py  [line:83] root:  DEBUG    file: tpsautomation.model.pyautoguiwrapper -- message: move_mouse successful
2018-07-06 16:19:09       pyautoguiwrapper.py  [line:83] root:  DEBUG    file: tpsautomation.model.pyautoguiwrapper -- message: move_mouse successful
2018-07-06 16:19:20       pyautoguiwrapper.py  [line:83] root:  DEBUG    file: tpsautomation.model.pyautoguiwrapper -- message: move_mouse successful
2018-07-06 16:19:28       pyautoguiwrapper.py  [line:83] root:  DEBUG    file: tpsautomation.model.pyautoguiwrapper -- message: move_mouse successful
2018-07-06 16:19:42       login.py  [line:89] root:  ERROR    file: __main__ exception: ("Could not find 'C:\\IndelPlan\\IndelPlanV2.0.exe' in 'dict_keys(['Login Desktop', 'Login DesktopDialog', 'Dialog'])'",)
2018-07-06 16:24:33       pyautoguiwrapper.py  [line:83] root:  DEBUG    file: tpsautomation.model.pyautoguiwrapper -- message: move_mouse successful
2018-07-06 16:24:59       pyautoguiwrapper.py  [line:83] root:  DEBUG    file: tpsautomation.model.pyautoguiwrapper -- message: move_mouse successful
2018-07-06 16:25:07       pyautoguiwrapper.py  [line:83] root:  DEBUG    file: tpsautomation.model.pyautoguiwrapper -- message: move_mouse successful
2018-07-06 16:25:39       pyautoguiwrapper.py  [line:83] root:  DEBUG    file: tpsautomation.model.pyautoguiwrapper -- message: move_mouse successful
2018-07-06 16:25:47       pyautoguiwrapper.py  [line:83] root:  DEBUG    file: tpsautomation.model.pyautoguiwrapper -- message: move_mouse successful
2018-07-06 16:25:58       pyautoguiwrapper.py  [line:83] root:  DEBUG    file: tpsautomation.model.pyautoguiwrapper -- message: move_mouse successful
2018-07-06 16:26:07       pyautoguiwrapper.py  [line:83] root:  DEBUG    file: tpsautomation.model.pyautoguiwrapper -- message: move_mouse successful
2018-07-06 16:42:50       login.py  [line:104] root:  ERROR    file: __main__ exception: ('Process "C:\\IndelPlan\\IndelPlanV2.0.exe" not found!',)
2018-07-06 16:43:21       pyautoguiwrapper.py  [line:83] root:  DEBUG    file: tpsautomation.model.pyautoguiwrapper -- message: move_mouse successful
2018-07-06 16:43:47       pyautoguiwrapper.py  [line:83] root:  DEBUG    file: tpsautomation.model.pyautoguiwrapper -- message: move_mouse successful
2018-07-06 16:43:55       pyautoguiwrapper.py  [line:83] root:  DEBUG    file: tpsautomation.model.pyautoguiwrapper -- message: move_mouse successful
2018-07-06 16:44:27       pyautoguiwrapper.py  [line:83] root:  DEBUG    file: tpsautomation.model.pyautoguiwrapper -- message: move_mouse successful
2018-07-06 16:44:35       pyautoguiwrapper.py  [line:83] root:  DEBUG    file: tpsautomation.model.pyautoguiwrapper -- message: move_mouse successful
2018-07-06 16:44:46       pyautoguiwrapper.py  [line:83] root:  DEBUG    file: tpsautomation.model.pyautoguiwrapper -- message: move_mouse successful
2018-07-06 16:44:55       pyautoguiwrapper.py  [line:83] root:  DEBUG    file: tpsautomation.model.pyautoguiwrapper -- message: move_mouse successful
2018-07-06 16:58:18       pyautoguiwrapper.py  [line:83] root:  DEBUG    file: tpsautomation.model.pyautoguiwrapper -- message: move_mouse successful
2018-07-06 16:58:44       pyautoguiwrapper.py  [line:83] root:  DEBUG    file: tpsautomation.model.pyautoguiwrapper -- message: move_mouse successful
2018-07-06 16:58:52       pyautoguiwrapper.py  [line:83] root:  DEBUG    file: tpsautomation.model.pyautoguiwrapper -- message: move_mouse successful
2018-07-06 16:59:24       pyautoguiwrapper.py  [line:83] root:  DEBUG    file: tpsautomation.model.pyautoguiwrapper -- message: move_mouse successful
2018-07-06 16:59:32       pyautoguiwrapper.py  [line:83] root:  DEBUG    file: tpsautomation.model.pyautoguiwrapper -- message: move_mouse successful
2018-07-06 16:59:43       pyautoguiwrapper.py  [line:83] root:  DEBUG    file: tpsautomation.model.pyautoguiwrapper -- message: move_mouse successful
2018-07-06 16:59:51       pyautoguiwrapper.py  [line:83] root:  DEBUG    file: tpsautomation.model.pyautoguiwrapper -- message: move_mouse successful
2018-07-06 16:59:59       login.py  [line:115] root:  ERROR    file: __main__ exception: ("module 'tpsautomation.model.pyautoguiwrapper' has no attribute '_app'",)
2018-07-06 17:05:00       pyautoguiwrapper.py  [line:83] root:  DEBUG    file: tpsautomation.model.pyautoguiwrapper -- message: move_mouse successful
2018-07-06 17:05:26       pyautoguiwrapper.py  [line:83] root:  DEBUG    file: tpsautomation.model.pyautoguiwrapper -- message: move_mouse successful
2018-07-06 17:05:34       pyautoguiwrapper.py  [line:83] root:  DEBUG    file: tpsautomation.model.pyautoguiwrapper -- message: move_mouse successful
2018-07-06 17:06:06       pyautoguiwrapper.py  [line:83] root:  DEBUG    file: tpsautomation.model.pyautoguiwrapper -- message: move_mouse successful
2018-07-06 17:06:14       pyautoguiwrapper.py  [line:83] root:  DEBUG    file: tpsautomation.model.pyautoguiwrapper -- message: move_mouse successful
2018-07-06 17:06:25       pyautoguiwrapper.py  [line:83] root:  DEBUG    file: tpsautomation.model.pyautoguiwrapper -- message: move_mouse successful
2018-07-06 17:06:33       pyautoguiwrapper.py  [line:83] root:  DEBUG    file: tpsautomation.model.pyautoguiwrapper -- message: move_mouse successful
2018-07-06 17:07:22       pyautoguiwrapper.py  [line:83] root:  DEBUG    file: tpsautomation.model.pyautoguiwrapper -- message: move_mouse successful
2018-07-06 17:07:49       login.py  [line:116] root:  ERROR    file: __main__ exception: ('delete_new_user() takes 0 positional arguments but 1 was given',)
2018-07-06 17:10:05       login.py  [line:116] root:  ERROR    file: __main__ exception: ('Process "C:\\IndelPlan\\IndelPlanV2.0.exe" not found!',)
2018-07-06 17:10:37       pyautoguiwrapper.py  [line:83] root:  DEBUG    file: tpsautomation.model.pyautoguiwrapper -- message: move_mouse successful
2018-07-06 17:11:03       pyautoguiwrapper.py  [line:83] root:  DEBUG    file: tpsautomation.model.pyautoguiwrapper -- message: move_mouse successful
2018-07-06 17:11:11       pyautoguiwrapper.py  [line:83] root:  DEBUG    file: tpsautomation.model.pyautoguiwrapper -- message: move_mouse successful
2018-07-06 17:11:43       pyautoguiwrapper.py  [line:83] root:  DEBUG    file: tpsautomation.model.pyautoguiwrapper -- message: move_mouse successful
2018-07-06 17:11:51       pyautoguiwrapper.py  [line:83] root:  DEBUG    file: tpsautomation.model.pyautoguiwrapper -- message: move_mouse successful
2018-07-06 17:12:02       pyautoguiwrapper.py  [line:83] root:  DEBUG    file: tpsautomation.model.pyautoguiwrapper -- message: move_mouse successful
2018-07-06 17:12:10       pyautoguiwrapper.py  [line:83] root:  DEBUG    file: tpsautomation.model.pyautoguiwrapper -- message: move_mouse successful
2018-07-06 17:12:59       pyautoguiwrapper.py  [line:83] root:  DEBUG    file: tpsautomation.model.pyautoguiwrapper -- message: move_mouse successful
2018-07-06 17:13:25       pyautoguiwrapper.py  [line:83] root:  DEBUG    file: tpsautomation.model.pyautoguiwrapper -- message: move_mouse successful
2018-07-06 17:13:33       pyautoguiwrapper.py  [line:83] root:  DEBUG    file: tpsautomation.model.pyautoguiwrapper -- message: move_mouse successful
2018-07-06 17:13:42       pyautoguiwrapper.py  [line:83] root:  DEBUG    file: tpsautomation.model.pyautoguiwrapper -- message: move_mouse successful
2018-07-06 17:13:50       pyautoguiwrapper.py  [line:83] root:  DEBUG    file: tpsautomation.model.pyautoguiwrapper -- message: move_mouse successful
2018-07-06 17:13:58       pyautoguiwrapper.py  [line:83] root:  DEBUG    file: tpsautomation.model.pyautoguiwrapper -- message: move_mouse successful
2018-07-06 17:14:06       pyautoguiwrapper.py  [line:83] root:  DEBUG    file: tpsautomation.model.pyautoguiwrapper -- message: move_mouse successful
2018-07-09 10:16:44       pyautoguiwrapper.py  [line:68] root:  DEBUG    file: tpsautomation.model.pyautoguiwrapper -- message: checkScreenResolution successful
2018-07-09 10:16:44       pyautoguiwrapper.py  [line:81] root:  DEBUG    file: tpsautomation.model.pyautoguiwrapper -- message: move_mouse successful
2018-07-09 10:16:49       pyautoguiwrapper.py  [line:95] root:  DEBUG    file: tpsautomation.model.pyautoguiwrapper -- message: move_mouse_rel successful
2018-07-09 10:17:14       pyautoguiwrapper.py  [line:68] root:  DEBUG    file: tpsautomation.model.pyautoguiwrapper -- message: checkScreenResolution successful
2018-07-09 10:17:14       pyautoguiwrapper.py  [line:81] root:  DEBUG    file: tpsautomation.model.pyautoguiwrapper -- message: move_mouse successful
2018-07-09 10:17:20       pyautoguiwrapper.py  [line:95] root:  DEBUG    file: tpsautomation.model.pyautoguiwrapper -- message: move_mouse_rel successful
2018-07-09 10:19:54       pyautoguiwrapper.py  [line:68] root:  DEBUG    file: tpsautomation.model.pyautoguiwrapper -- message: checkScreenResolution successful
2018-07-09 10:19:54       pyautoguiwrapper.py  [line:81] root:  DEBUG    file: tpsautomation.model.pyautoguiwrapper -- message: move_mouse successful
2018-07-09 10:19:59       pyautoguiwrapper.py  [line:95] root:  DEBUG    file: tpsautomation.model.pyautoguiwrapper -- message: move_mouse_rel successful
2018-07-09 10:21:22       pyautoguiwrapper.py  [line:68] root:  DEBUG    file: tpsautomation.model.pyautoguiwrapper -- message: checkScreenResolution successful
2018-07-09 10:21:22       pyautoguiwrapper.py  [line:81] root:  DEBUG    file: tpsautomation.model.pyautoguiwrapper -- message: move_mouse successful
2018-07-09 10:21:28       pyautoguiwrapper.py  [line:95] root:  DEBUG    file: tpsautomation.model.pyautoguiwrapper -- message: move_mouse_rel successful
2018-07-09 10:22:53       pyautoguiwrapper.py  [line:68] root:  DEBUG    file: tpsautomation.model.pyautoguiwrapper -- message: checkScreenResolution successful
2018-07-09 10:22:53       pyautoguiwrapper.py  [line:81] root:  DEBUG    file: tpsautomation.model.pyautoguiwrapper -- message: move_mouse successful
2018-07-09 10:23:04       pyautoguiwrapper.py  [line:68] root:  DEBUG    file: tpsautomation.model.pyautoguiwrapper -- message: checkScreenResolution successful
2018-07-09 10:23:04       pyautoguiwrapper.py  [line:81] root:  DEBUG    file: tpsautomation.model.pyautoguiwrapper -- message: move_mouse successful
2018-07-09 10:23:10       pyautoguiwrapper.py  [line:95] root:  DEBUG    file: tpsautomation.model.pyautoguiwrapper -- message: move_mouse_rel successful
2018-07-09 10:26:02       pyautoguiwrapper.py  [line:68] root:  DEBUG    file: tpsautomation.model.pyautoguiwrapper -- message: checkScreenResolution successful
2018-07-09 10:26:02       pyautoguiwrapper.py  [line:81] root:  DEBUG    file: tpsautomation.model.pyautoguiwrapper -- message: move_mouse successful
2018-07-09 10:26:07       pyautoguiwrapper.py  [line:95] root:  DEBUG    file: tpsautomation.model.pyautoguiwrapper -- message: move_mouse_rel successful
2018-07-09 10:30:18       pyautoguiwrapper.py  [line:69] root:  DEBUG    file: tpsautomation.model.pyautoguiwrapper -- message: checkScreenResolution successful
2018-07-09 10:30:18       pyautoguiwrapper.py  [line:82] root:  DEBUG    file: tpsautomation.model.pyautoguiwrapper -- message: move_mouse successful
2018-07-09 10:30:23       pyautoguiwrapper.py  [line:96] root:  DEBUG    file: tpsautomation.model.pyautoguiwrapper -- message: move_mouse_rel successful
2018-07-09 10:30:44       pyautoguiwrapper.py  [line:69] root:  DEBUG    file: tpsautomation.model.pyautoguiwrapper -- message: checkScreenResolution successful
2018-07-09 10:30:44       pyautoguiwrapper.py  [line:82] root:  DEBUG    file: tpsautomation.model.pyautoguiwrapper -- message: move_mouse successful
2018-07-09 10:30:49       pyautoguiwrapper.py  [line:96] root:  DEBUG    file: tpsautomation.model.pyautoguiwrapper -- message: move_mouse_rel successful
2018-07-09 10:32:34       pyautoguiwrapper.py  [line:69] root:  DEBUG    file: tpsautomation.model.pyautoguiwrapper -- message: checkScreenResolution successful
2018-07-09 10:32:34       pyautoguiwrapper.py  [line:82] root:  DEBUG    file: tpsautomation.model.pyautoguiwrapper -- message: move_mouse successful
2018-07-09 10:32:39       pyautoguiwrapper.py  [line:96] root:  DEBUG    file: tpsautomation.model.pyautoguiwrapper -- message: move_mouse_rel successful
2018-07-09 10:33:39       pyautoguiwrapper.py  [line:69] root:  DEBUG    file: tpsautomation.model.pyautoguiwrapper -- message: checkScreenResolution successful
2018-07-09 10:33:39       pyautoguiwrapper.py  [line:82] root:  DEBUG    file: tpsautomation.model.pyautoguiwrapper -- message: move_mouse successful
2018-07-09 10:33:44       pyautoguiwrapper.py  [line:96] root:  DEBUG    file: tpsautomation.model.pyautoguiwrapper -- message: move_mouse_rel successful
2018-07-09 11:04:38       pyautoguiwrapper.py  [line:69] root:  DEBUG    file: tpsautomation.model.pyautoguiwrapper -- message: checkScreenResolution successful
2018-07-09 11:04:38       pyautoguiwrapper.py  [line:82] root:  DEBUG    file: tpsautomation.model.pyautoguiwrapper -- message: move_mouse successful
2018-07-09 11:04:43       pyautoguiwrapper.py  [line:96] root:  DEBUG    file: tpsautomation.model.pyautoguiwrapper -- message: move_mouse_rel successful
2018-07-09 11:05:20       pyautoguiwrapper.py  [line:70] root:  DEBUG    file: tpsautomation.model.pyautoguiwrapper -- message: checkScreenResolution successful
2018-07-09 11:05:20       pyautoguiwrapper.py  [line:83] root:  DEBUG    file: tpsautomation.model.pyautoguiwrapper -- message: move_mouse successful
2018-07-09 11:05:26       pyautoguiwrapper.py  [line:97] root:  DEBUG    file: tpsautomation.model.pyautoguiwrapper -- message: move_mouse_rel successful
2018-07-09 11:06:22       pyautoguiwrapper.py  [line:70] root:  DEBUG    file: tpsautomation.model.pyautoguiwrapper -- message: checkScreenResolution successful
2018-07-09 11:06:22       pyautoguiwrapper.py  [line:83] root:  DEBUG    file: tpsautomation.model.pyautoguiwrapper -- message: move_mouse successful
2018-07-09 11:06:27       pyautoguiwrapper.py  [line:97] root:  DEBUG    file: tpsautomation.model.pyautoguiwrapper -- message: move_mouse_rel successful
2018-07-09 13:53:41       pyautoguiwrapper.py  [line:83] root:  DEBUG    file: tpsautomation.model.pyautoguiwrapper -- message: move_mouse successful
2018-07-09 15:36:31       pyautoguiwrapper.py  [line:70] root:  DEBUG    file: tpsautomation.model.pyautoguiwrapper -- message: checkScreenResolution successful
2018-07-09 15:36:31       pyautoguiwrapper.py  [line:83] root:  DEBUG    file: tpsautomation.model.pyautoguiwrapper -- message: move_mouse successful
2018-07-10 10:43:31       login.py  [line:81] root:  DEBUG    close_if_exists fail
2018-07-10 10:44:02       pyautoguiwrapper.py  [line:83] root:  DEBUG    file: tpsautomation.model.pyautoguiwrapper -- message: move_mouse successful
2018-07-10 10:44:28       pyautoguiwrapper.py  [line:83] root:  DEBUG    file: tpsautomation.model.pyautoguiwrapper -- message: move_mouse successful
2018-07-10 10:44:36       pyautoguiwrapper.py  [line:83] root:  DEBUG    file: tpsautomation.model.pyautoguiwrapper -- message: move_mouse successful
2018-07-10 10:46:28       login.py  [line:82] root:  DEBUG    close_if_exists fail
2018-07-10 10:46:34       login.py  [line:82] root:  DEBUG    close_if_exists fail
2018-07-13 15:37:33       run.py  [line:34] root:  DEBUG    ['C:\\Users\\OUR\\Desktop\\tpsautomation\\tpsautomation\\testcases\\beihang\\toudao\\common\\common01.py', 'C:\\Users\\OUR\\Desktop\\tpsautomation\\tpsautomation\\testcases\\beihang\\toudao\\startandexit\\startup01.py', 'C:\\Users\\OUR\\Desktop\\tpsautomation\\tpsautomation\\testcases\\beihang\\toudao\\startandexit\\startup02.py']
2018-07-13 15:44:48       run.py  [line:34] root:  DEBUG    excute 3 cases, ['C:\\Users\\OUR\\Desktop\\tpsautomation\\tpsautomation\\testcases\\beihang\\toudao\\common\\common01.py', 'C:\\Users\\OUR\\Desktop\\tpsautomation\\tpsautomation\\testcases\\beihang\\toudao\\startandexit\\startup01.py', 'C:\\Users\\OUR\\Desktop\\tpsautomation\\tpsautomation\\testcases\\beihang\\toudao\\startandexit\\startup02.py']
2018-07-13 15:45:11       run.py  [line:34] root:  DEBUG    excute 3 cases, ['C:\\Users\\OUR\\Desktop\\tpsautomation\\tpsautomation\\testcases\\beihang\\toudao\\common\\common01.py', 'C:\\Users\\OUR\\Desktop\\tpsautomation\\tpsautomation\\testcases\\beihang\\toudao\\startandexit\\startup01.py', 'C:\\Users\\OUR\\Desktop\\tpsautomation\\tpsautomation\\testcases\\beihang\\toudao\\startandexit\\startup02.py']
2018-07-13 15:46:02       run.py  [line:34] root:  DEBUG    excute 3 cases, ['C:\\Users\\OUR\\Desktop\\tpsautomation\\tpsautomation\\testcases\\beihang\\toudao\\common\\common01.py', 'C:\\Users\\OUR\\Desktop\\tpsautomation\\tpsautomation\\testcases\\beihang\\toudao\\startandexit\\startup01.py', 'C:\\Users\\OUR\\Desktop\\tpsautomation\\tpsautomation\\testcases\\beihang\\toudao\\startandexit\\startup02.py']
2018-07-13 15:47:01       run.py  [line:34] root:  DEBUG    excute 3 cases------['C:\\Users\\OUR\\Desktop\\tpsautomation\\tpsautomation\\testcases\\beihang\\toudao\\common\\common01.py', 'C:\\Users\\OUR\\Desktop\\tpsautomation\\tpsautomation\\testcases\\beihang\\toudao\\startandexit\\startup01.py', 'C:\\Users\\OUR\\Desktop\\tpsautomation\\tpsautomation\\testcases\\beihang\\toudao\\startandexit\\startup02.py']
2018-07-13 15:48:21       run.py  [line:34] root:  DEBUG    excute 3 cases------['C:\\Users\\OUR\\Desktop\\tpsautomation\\tpsautomation\\testcases\\beihang\\toudao\\common\\common01.py', 'C:\\Users\\OUR\\Desktop\\tpsautomation\\tpsautomation\\testcases\\beihang\\toudao\\startandexit\\startup01.py', 'C:\\Users\\OUR\\Desktop\\tpsautomation\\tpsautomation\\testcases\\beihang\\toudao\\startandexit\\startup02.py']
2018-07-13 16:03:41       run.py  [line:38] root:  DEBUG    excute 3 cases------['C:\\Users\\OUR\\Desktop\\tpsautomation\\tpsautomation\\testcases\\beihang\\toudao\\common\\common01.py', 'C:\\Users\\OUR\\Desktop\\tpsautomation\\tpsautomation\\testcases\\beihang\\toudao\\startandexit\\startup01.py', 'C:\\Users\\OUR\\Desktop\\tpsautomation\\tpsautomation\\testcases\\beihang\\toudao\\startandexit\\startup02.py']
2018-07-13 16:03:41       run.py  [line:61] root:  ERROR    file: __main__ exception: ("type object 'CaseResult' has no attribute 'CaseResult'",)
2018-07-13 16:04:39       run.py  [line:38] root:  DEBUG    excute 3 cases------['C:\\Users\\OUR\\Desktop\\tpsautomation\\tpsautomation\\testcases\\beihang\\toudao\\common\\common01.py', 'C:\\Users\\OUR\\Desktop\\tpsautomation\\tpsautomation\\testcases\\beihang\\toudao\\startandexit\\startup01.py', 'C:\\Users\\OUR\\Desktop\\tpsautomation\\tpsautomation\\testcases\\beihang\\toudao\\startandexit\\startup02.py']
2018-07-13 16:07:56       run.py  [line:38] root:  DEBUG    excute 3 cases------['C:\\Users\\OUR\\Desktop\\tpsautomation\\tpsautomation\\testcases\\beihang\\toudao\\common\\common01.py', 'C:\\Users\\OUR\\Desktop\\tpsautomation\\tpsautomation\\testcases\\beihang\\toudao\\startandexit\\startup01.py', 'C:\\Users\\OUR\\Desktop\\tpsautomation\\tpsautomation\\testcases\\beihang\\toudao\\startandexit\\startup02.py']
2018-07-13 16:08:53       run.py  [line:38] root:  DEBUG    excute 3 cases------['C:\\Users\\OUR\\Desktop\\tpsautomation\\tpsautomation\\testcases\\beihang\\toudao\\common\\common01.py', 'C:\\Users\\OUR\\Desktop\\tpsautomation\\tpsautomation\\testcases\\beihang\\toudao\\startandexit\\startup01.py', 'C:\\Users\\OUR\\Desktop\\tpsautomation\\tpsautomation\\testcases\\beihang\\toudao\\startandexit\\startup02.py']
2018-07-13 16:09:15       run.py  [line:38] root:  DEBUG    excute 3 cases------['C:\\Users\\OUR\\Desktop\\tpsautomation\\tpsautomation\\testcases\\beihang\\toudao\\common\\common01.py', 'C:\\Users\\OUR\\Desktop\\tpsautomation\\tpsautomation\\testcases\\beihang\\toudao\\startandexit\\startup01.py', 'C:\\Users\\OUR\\Desktop\\tpsautomation\\tpsautomation\\testcases\\beihang\\toudao\\startandexit\\startup02.py']
2018-07-13 16:10:34       run.py  [line:38] root:  DEBUG    excute 3 cases------['C:\\Users\\OUR\\Desktop\\tpsautomation\\tpsautomation\\testcases\\beihang\\toudao\\common\\common01.py', 'C:\\Users\\OUR\\Desktop\\tpsautomation\\tpsautomation\\testcases\\beihang\\toudao\\startandexit\\startup01.py', 'C:\\Users\\OUR\\Desktop\\tpsautomation\\tpsautomation\\testcases\\beihang\\toudao\\startandexit\\startup02.py']
2018-07-13 16:11:49       run.py  [line:38] root:  DEBUG    excute 3 cases------['C:\\Users\\OUR\\Desktop\\tpsautomation\\tpsautomation\\testcases\\beihang\\toudao\\common\\common01.py', 'C:\\Users\\OUR\\Desktop\\tpsautomation\\tpsautomation\\testcases\\beihang\\toudao\\startandexit\\startup01.py', 'C:\\Users\\OUR\\Desktop\\tpsautomation\\tpsautomation\\testcases\\beihang\\toudao\\startandexit\\startup02.py']
2018-07-13 16:13:00       run.py  [line:38] root:  DEBUG    excute 3 cases------['C:\\Users\\OUR\\Desktop\\tpsautomation\\tpsautomation\\testcases\\beihang\\toudao\\common\\common01.py', 'C:\\Users\\OUR\\Desktop\\tpsautomation\\tpsautomation\\testcases\\beihang\\toudao\\startandexit\\startup01.py', 'C:\\Users\\OUR\\Desktop\\tpsautomation\\tpsautomation\\testcases\\beihang\\toudao\\startandexit\\startup02.py']
2018-07-13 16:13:21       run.py  [line:38] root:  DEBUG    excute 3 cases------['C:\\Users\\OUR\\Desktop\\tpsautomation\\tpsautomation\\testcases\\beihang\\toudao\\common\\common01.py', 'C:\\Users\\OUR\\Desktop\\tpsautomation\\tpsautomation\\testcases\\beihang\\toudao\\startandexit\\startup01.py', 'C:\\Users\\OUR\\Desktop\\tpsautomation\\tpsautomation\\testcases\\beihang\\toudao\\startandexit\\startup02.py']
2018-07-13 16:13:55       run.py  [line:38] root:  DEBUG    excute 3 cases------['C:\\Users\\OUR\\Desktop\\tpsautomation\\tpsautomation\\testcases\\beihang\\toudao\\common\\common01.py', 'C:\\Users\\OUR\\Desktop\\tpsautomation\\tpsautomation\\testcases\\beihang\\toudao\\startandexit\\startup01.py', 'C:\\Users\\OUR\\Desktop\\tpsautomation\\tpsautomation\\testcases\\beihang\\toudao\\startandexit\\startup02.py']
2018-07-13 16:14:42       run.py  [line:38] root:  DEBUG    excute 3 cases------['C:\\Users\\OUR\\Desktop\\tpsautomation\\tpsautomation\\testcases\\beihang\\toudao\\common\\common01.py', 'C:\\Users\\OUR\\Desktop\\tpsautomation\\tpsautomation\\testcases\\beihang\\toudao\\startandexit\\startup01.py', 'C:\\Users\\OUR\\Desktop\\tpsautomation\\tpsautomation\\testcases\\beihang\\toudao\\startandexit\\startup02.py']
2018-07-13 16:16:31       run.py  [line:38] root:  DEBUG    excute 3 cases------['C:\\Users\\OUR\\Desktop\\tpsautomation\\tpsautomation\\testcases\\beihang\\toudao\\common\\common01.py', 'C:\\Users\\OUR\\Desktop\\tpsautomation\\tpsautomation\\testcases\\beihang\\toudao\\startandexit\\startup01.py', 'C:\\Users\\OUR\\Desktop\\tpsautomation\\tpsautomation\\testcases\\beihang\\toudao\\startandexit\\startup02.py']
2018-07-13 16:34:17       run.py  [line:38] root:  DEBUG    excute 3 cases------['C:\\Users\\OUR\\Desktop\\tpsautomation\\tpsautomation\\testcases\\beihang\\toudao\\common\\common01.py', 'C:\\Users\\OUR\\Desktop\\tpsautomation\\tpsautomation\\testcases\\beihang\\toudao\\startandexit\\startup01.py', 'C:\\Users\\OUR\\Desktop\\tpsautomation\\tpsautomation\\testcases\\beihang\\toudao\\startandexit\\startup02.py']
2018-07-13 16:36:04       run.py  [line:38] root:  DEBUG    excute 3 cases------['C:\\Users\\OUR\\Desktop\\tpsautomation\\tpsautomation\\testcases\\beihang\\toudao\\common\\common01.py', 'C:\\Users\\OUR\\Desktop\\tpsautomation\\tpsautomation\\testcases\\beihang\\toudao\\startandexit\\startup01.py', 'C:\\Users\\OUR\\Desktop\\tpsautomation\\tpsautomation\\testcases\\beihang\\toudao\\startandexit\\startup02.py']
2018-07-13 16:36:26       run.py  [line:38] root:  DEBUG    excute 3 cases------['C:\\Users\\OUR\\Desktop\\tpsautomation\\tpsautomation\\testcases\\beihang\\toudao\\common\\common01.py', 'C:\\Users\\OUR\\Desktop\\tpsautomation\\tpsautomation\\testcases\\beihang\\toudao\\startandexit\\startup01.py', 'C:\\Users\\OUR\\Desktop\\tpsautomation\\tpsautomation\\testcases\\beihang\\toudao\\startandexit\\startup02.py']
2018-07-13 16:39:41       run.py  [line:38] root:  DEBUG    excute 3 cases------['C:\\Users\\OUR\\Desktop\\tpsautomation\\tpsautomation\\testcases\\beihang\\toudao\\common\\common01.py', 'C:\\Users\\OUR\\Desktop\\tpsautomation\\tpsautomation\\testcases\\beihang\\toudao\\startandexit\\startup01.py', 'C:\\Users\\OUR\\Desktop\\tpsautomation\\tpsautomation\\testcases\\beihang\\toudao\\startandexit\\startup02.py']
2018-07-13 16:40:33       run.py  [line:38] root:  DEBUG    excute 3 cases------['C:\\Users\\OUR\\Desktop\\tpsautomation\\tpsautomation\\testcases\\beihang\\toudao\\common\\common01.py', 'C:\\Users\\OUR\\Desktop\\tpsautomation\\tpsautomation\\testcases\\beihang\\toudao\\startandexit\\startup01.py', 'C:\\Users\\OUR\\Desktop\\tpsautomation\\tpsautomation\\testcases\\beihang\\toudao\\startandexit\\startup02.py']
2018-07-13 16:45:58       run.py  [line:38] root:  DEBUG    excute 3 cases------['C:\\Users\\OUR\\Desktop\\tpsautomation\\tpsautomation\\testcases\\beihang\\toudao\\common\\common01.py', 'C:\\Users\\OUR\\Desktop\\tpsautomation\\tpsautomation\\testcases\\beihang\\toudao\\startandexit\\startup01.py', 'C:\\Users\\OUR\\Desktop\\tpsautomation\\tpsautomation\\testcases\\beihang\\toudao\\startandexit\\startup02.py']
2018-07-13 16:46:55       run.py  [line:38] root:  DEBUG    excute 3 cases------['C:\\Users\\OUR\\Desktop\\tpsautomation\\tpsautomation\\testcases\\beihang\\toudao\\common\\common01.py', 'C:\\Users\\OUR\\Desktop\\tpsautomation\\tpsautomation\\testcases\\beihang\\toudao\\startandexit\\startup01.py', 'C:\\Users\\OUR\\Desktop\\tpsautomation\\tpsautomation\\testcases\\beihang\\toudao\\startandexit\\startup02.py']
2018-07-13 16:48:01       run.py  [line:38] root:  DEBUG    excute 3 cases------['C:\\Users\\OUR\\Desktop\\tpsautomation\\tpsautomation\\testcases\\beihang\\toudao\\common\\common01.py', 'C:\\Users\\OUR\\Desktop\\tpsautomation\\tpsautomation\\testcases\\beihang\\toudao\\startandexit\\startup01.py', 'C:\\Users\\OUR\\Desktop\\tpsautomation\\tpsautomation\\testcases\\beihang\\toudao\\startandexit\\startup02.py']
2018-07-13 16:48:18       run.py  [line:38] root:  DEBUG    excute 3 cases------['C:\\Users\\OUR\\Desktop\\tpsautomation\\tpsautomation\\testcases\\beihang\\toudao\\common\\common01.py', 'C:\\Users\\OUR\\Desktop\\tpsautomation\\tpsautomation\\testcases\\beihang\\toudao\\startandexit\\startup01.py', 'C:\\Users\\OUR\\Desktop\\tpsautomation\\tpsautomation\\testcases\\beihang\\toudao\\startandexit\\startup02.py']
2018-07-13 16:50:48       run.py  [line:38] root:  DEBUG    excute 3 cases------['C:\\Users\\OUR\\Desktop\\tpsautomation\\tpsautomation\\testcases\\beihang\\toudao\\common\\common01.py', 'C:\\Users\\OUR\\Desktop\\tpsautomation\\tpsautomation\\testcases\\beihang\\toudao\\startandexit\\startup01.py', 'C:\\Users\\OUR\\Desktop\\tpsautomation\\tpsautomation\\testcases\\beihang\\toudao\\startandexit\\startup02.py']
2018-07-13 16:52:00       run.py  [line:38] root:  DEBUG    excute 3 cases------['C:\\Users\\OUR\\Desktop\\tpsautomation\\tpsautomation\\testcases\\beihang\\toudao\\common\\common01.py', 'C:\\Users\\OUR\\Desktop\\tpsautomation\\tpsautomation\\testcases\\beihang\\toudao\\startandexit\\startup01.py', 'C:\\Users\\OUR\\Desktop\\tpsautomation\\tpsautomation\\testcases\\beihang\\toudao\\startandexit\\startup02.py']
2018-07-13 16:52:17       run.py  [line:38] root:  DEBUG    excute 3 cases------['C:\\Users\\OUR\\Desktop\\tpsautomation\\tpsautomation\\testcases\\beihang\\toudao\\common\\common01.py', 'C:\\Users\\OUR\\Desktop\\tpsautomation\\tpsautomation\\testcases\\beihang\\toudao\\startandexit\\startup01.py', 'C:\\Users\\OUR\\Desktop\\tpsautomation\\tpsautomation\\testcases\\beihang\\toudao\\startandexit\\startup02.py']
2018-07-13 16:54:33       run.py  [line:38] root:  DEBUG    excute 3 cases------['C:\\Users\\OUR\\Desktop\\tpsautomation\\tpsautomation\\testcases\\beihang\\toudao\\common\\common01.py', 'C:\\Users\\OUR\\Desktop\\tpsautomation\\tpsautomation\\testcases\\beihang\\toudao\\startandexit\\startup01.py', 'C:\\Users\\OUR\\Desktop\\tpsautomation\\tpsautomation\\testcases\\beihang\\toudao\\startandexit\\startup02.py']
2018-07-13 16:56:52       run.py  [line:38] root:  DEBUG    excute 3 cases------['C:\\Users\\OUR\\Desktop\\tpsautomation\\tpsautomation\\testcases\\beihang\\toudao\\common\\common01.py', 'C:\\Users\\OUR\\Desktop\\tpsautomation\\tpsautomation\\testcases\\beihang\\toudao\\startandexit\\startup01.py', 'C:\\Users\\OUR\\Desktop\\tpsautomation\\tpsautomation\\testcases\\beihang\\toudao\\startandexit\\startup02.py']
2018-07-13 16:56:58       run.py  [line:38] root:  DEBUG    excute 3 cases------['C:\\Users\\OUR\\Desktop\\tpsautomation\\tpsautomation\\testcases\\beihang\\toudao\\common\\common01.py', 'C:\\Users\\OUR\\Desktop\\tpsautomation\\tpsautomation\\testcases\\beihang\\toudao\\startandexit\\startup01.py', 'C:\\Users\\OUR\\Desktop\\tpsautomation\\tpsautomation\\testcases\\beihang\\toudao\\startandexit\\startup02.py']
2018-07-13 16:58:02       run.py  [line:38] root:  DEBUG    excute 3 cases------['C:\\Users\\OUR\\Desktop\\tpsautomation\\tpsautomation\\testcases\\beihang\\toudao\\common\\common01.py', 'C:\\Users\\OUR\\Desktop\\tpsautomation\\tpsautomation\\testcases\\beihang\\toudao\\startandexit\\startup01.py', 'C:\\Users\\OUR\\Desktop\\tpsautomation\\tpsautomation\\testcases\\beihang\\toudao\\startandexit\\startup02.py']
2018-07-13 16:59:08       run.py  [line:38] root:  DEBUG    excute 3 cases------['C:\\Users\\OUR\\Desktop\\tpsautomation\\tpsautomation\\testcases\\beihang\\toudao\\common\\common01.py', 'C:\\Users\\OUR\\Desktop\\tpsautomation\\tpsautomation\\testcases\\beihang\\toudao\\startandexit\\startup01.py', 'C:\\Users\\OUR\\Desktop\\tpsautomation\\tpsautomation\\testcases\\beihang\\toudao\\startandexit\\startup02.py']
2018-07-13 17:00:43       run.py  [line:38] root:  DEBUG    excute 3 cases------['C:\\Users\\OUR\\Desktop\\tpsautomation\\tpsautomation\\testcases\\beihang\\toudao\\common\\common01.py', 'C:\\Users\\OUR\\Desktop\\tpsautomation\\tpsautomation\\testcases\\beihang\\toudao\\startandexit\\startup01.py', 'C:\\Users\\OUR\\Desktop\\tpsautomation\\tpsautomation\\testcases\\beihang\\toudao\\startandexit\\startup02.py']
2018-07-13 17:00:56       run.py  [line:38] root:  DEBUG    excute 3 cases------['C:\\Users\\OUR\\Desktop\\tpsautomation\\tpsautomation\\testcases\\beihang\\toudao\\common\\common01.py', 'C:\\Users\\OUR\\Desktop\\tpsautomation\\tpsautomation\\testcases\\beihang\\toudao\\startandexit\\startup01.py', 'C:\\Users\\OUR\\Desktop\\tpsautomation\\tpsautomation\\testcases\\beihang\\toudao\\startandexit\\startup02.py']
2018-07-13 17:02:06       run.py  [line:38] root:  DEBUG    excute 3 cases------['C:\\Users\\OUR\\Desktop\\tpsautomation\\tpsautomation\\testcases\\beihang\\toudao\\common\\common01.py', 'C:\\Users\\OUR\\Desktop\\tpsautomation\\tpsautomation\\testcases\\beihang\\toudao\\startandexit\\startup01.py', 'C:\\Users\\OUR\\Desktop\\tpsautomation\\tpsautomation\\testcases\\beihang\\toudao\\startandexit\\startup02.py']
2018-07-13 17:02:45       run.py  [line:38] root:  DEBUG    excute 3 cases------['C:\\Users\\OUR\\Desktop\\tpsautomation\\tpsautomation\\testcases\\beihang\\toudao\\common\\common01.py', 'C:\\Users\\OUR\\Desktop\\tpsautomation\\tpsautomation\\testcases\\beihang\\toudao\\startandexit\\startup01.py', 'C:\\Users\\OUR\\Desktop\\tpsautomation\\tpsautomation\\testcases\\beihang\\toudao\\startandexit\\startup02.py']
2018-07-13 17:02:52       run.py  [line:38] root:  DEBUG    excute 3 cases------['C:\\Users\\OUR\\Desktop\\tpsautomation\\tpsautomation\\testcases\\beihang\\toudao\\common\\common01.py', 'C:\\Users\\OUR\\Desktop\\tpsautomation\\tpsautomation\\testcases\\beihang\\toudao\\startandexit\\startup01.py', 'C:\\Users\\OUR\\Desktop\\tpsautomation\\tpsautomation\\testcases\\beihang\\toudao\\startandexit\\startup02.py']
2018-07-13 17:02:58       run.py  [line:38] root:  DEBUG    excute 3 cases------['C:\\Users\\OUR\\Desktop\\tpsautomation\\tpsautomation\\testcases\\beihang\\toudao\\common\\common01.py', 'C:\\Users\\OUR\\Desktop\\tpsautomation\\tpsautomation\\testcases\\beihang\\toudao\\startandexit\\startup01.py', 'C:\\Users\\OUR\\Desktop\\tpsautomation\\tpsautomation\\testcases\\beihang\\toudao\\startandexit\\startup02.py']
2018-07-13 17:04:09       run.py  [line:38] root:  DEBUG    excute 3 cases------['C:\\Users\\OUR\\Desktop\\tpsautomation\\tpsautomation\\testcases\\beihang\\toudao\\common\\common01.py', 'C:\\Users\\OUR\\Desktop\\tpsautomation\\tpsautomation\\testcases\\beihang\\toudao\\startandexit\\startup01.py', 'C:\\Users\\OUR\\Desktop\\tpsautomation\\tpsautomation\\testcases\\beihang\\toudao\\startandexit\\startup02.py']
2018-07-13 17:04:18       run.py  [line:38] root:  DEBUG    excute 3 cases------['C:\\Users\\OUR\\Desktop\\tpsautomation\\tpsautomation\\testcases\\beihang\\toudao\\common\\common01.py', 'C:\\Users\\OUR\\Desktop\\tpsautomation\\tpsautomation\\testcases\\beihang\\toudao\\startandexit\\startup01.py', 'C:\\Users\\OUR\\Desktop\\tpsautomation\\tpsautomation\\testcases\\beihang\\toudao\\startandexit\\startup02.py']
2018-07-13 17:05:22       run.py  [line:38] root:  DEBUG    excute 3 cases------['C:\\Users\\OUR\\Desktop\\tpsautomation\\tpsautomation\\testcases\\beihang\\toudao\\common\\common01.py', 'C:\\Users\\OUR\\Desktop\\tpsautomation\\tpsautomation\\testcases\\beihang\\toudao\\startandexit\\startup01.py', 'C:\\Users\\OUR\\Desktop\\tpsautomation\\tpsautomation\\testcases\\beihang\\toudao\\startandexit\\startup02.py']
2018-07-13 17:05:50       run.py  [line:38] root:  DEBUG    excute 3 cases------['C:\\Users\\OUR\\Desktop\\tpsautomation\\tpsautomation\\testcases\\beihang\\toudao\\common\\common01.py', 'C:\\Users\\OUR\\Desktop\\tpsautomation\\tpsautomation\\testcases\\beihang\\toudao\\startandexit\\startup01.py', 'C:\\Users\\OUR\\Desktop\\tpsautomation\\tpsautomation\\testcases\\beihang\\toudao\\startandexit\\startup02.py']
2018-07-13 17:06:52       run.py  [line:38] root:  DEBUG    excute 3 cases------['C:\\Users\\OUR\\Desktop\\tpsautomation\\tpsautomation\\testcases\\beihang\\toudao\\common\\common01.py', 'C:\\Users\\OUR\\Desktop\\tpsautomation\\tpsautomation\\testcases\\beihang\\toudao\\startandexit\\startup01.py', 'C:\\Users\\OUR\\Desktop\\tpsautomation\\tpsautomation\\testcases\\beihang\\toudao\\startandexit\\startup02.py']
2018-07-13 17:10:06       run.py  [line:38] root:  DEBUG    excute 3 cases------['C:\\Users\\OUR\\Desktop\\tpsautomation\\tpsautomation\\testcases\\beihang\\toudao\\common\\common01.py', 'C:\\Users\\OUR\\Desktop\\tpsautomation\\tpsautomation\\testcases\\beihang\\toudao\\startandexit\\startup01.py', 'C:\\Users\\OUR\\Desktop\\tpsautomation\\tpsautomation\\testcases\\beihang\\toudao\\startandexit\\startup02.py']
2018-07-13 17:11:12       run.py  [line:38] root:  DEBUG    excute 3 cases------['C:\\Users\\OUR\\Desktop\\tpsautomation\\tpsautomation\\testcases\\beihang\\toudao\\common\\common01.py', 'C:\\Users\\OUR\\Desktop\\tpsautomation\\tpsautomation\\testcases\\beihang\\toudao\\startandexit\\startup01.py', 'C:\\Users\\OUR\\Desktop\\tpsautomation\\tpsautomation\\testcases\\beihang\\toudao\\startandexit\\startup02.py']
2018-07-13 17:14:45       run.py  [line:38] root:  DEBUG    excute 3 cases------['C:\\Users\\OUR\\Desktop\\tpsautomation\\tpsautomation\\testcases\\beihang\\toudao\\common\\common01.py', 'C:\\Users\\OUR\\Desktop\\tpsautomation\\tpsautomation\\testcases\\beihang\\toudao\\startandexit\\startup01.py', 'C:\\Users\\OUR\\Desktop\\tpsautomation\\tpsautomation\\testcases\\beihang\\toudao\\startandexit\\startup02.py']
2018-07-13 17:16:08       run.py  [line:38] root:  DEBUG    excute 3 cases------['C:\\Users\\OUR\\Desktop\\tpsautomation\\tpsautomation\\testcases\\beihang\\toudao\\common\\common01.py', 'C:\\Users\\OUR\\Desktop\\tpsautomation\\tpsautomation\\testcases\\beihang\\toudao\\startandexit\\startup01.py', 'C:\\Users\\OUR\\Desktop\\tpsautomation\\tpsautomation\\testcases\\beihang\\toudao\\startandexit\\startup02.py']
2018-07-13 17:16:42       run.py  [line:38] root:  DEBUG    excute 3 cases------['C:\\Users\\OUR\\Desktop\\tpsautomation\\tpsautomation\\testcases\\beihang\\toudao\\common\\common01.py', 'C:\\Users\\OUR\\Desktop\\tpsautomation\\tpsautomation\\testcases\\beihang\\toudao\\startandexit\\startup01.py', 'C:\\Users\\OUR\\Desktop\\tpsautomation\\tpsautomation\\testcases\\beihang\\toudao\\startandexit\\startup02.py']
2018-07-13 17:17:13       run.py  [line:38] root:  DEBUG    excute 3 cases------['C:\\Users\\OUR\\Desktop\\tpsautomation\\tpsautomation\\testcases\\beihang\\toudao\\common\\common01.py', 'C:\\Users\\OUR\\Desktop\\tpsautomation\\tpsautomation\\testcases\\beihang\\toudao\\startandexit\\startup01.py', 'C:\\Users\\OUR\\Desktop\\tpsautomation\\tpsautomation\\testcases\\beihang\\toudao\\startandexit\\startup02.py']
2018-07-13 17:19:13       run.py  [line:38] root:  DEBUG    excute 3 cases------['C:\\Users\\OUR\\Desktop\\tpsautomation\\tpsautomation\\testcases\\beihang\\toudao\\common\\common01.py', 'C:\\Users\\OUR\\Desktop\\tpsautomation\\tpsautomation\\testcases\\beihang\\toudao\\startandexit\\startup01.py', 'C:\\Users\\OUR\\Desktop\\tpsautomation\\tpsautomation\\testcases\\beihang\\toudao\\startandexit\\startup02.py']
2018-07-13 17:22:07       run.py  [line:38] root:  DEBUG    excute 3 cases------['C:\\Users\\OUR\\Desktop\\tpsautomation\\tpsautomation\\testcases\\beihang\\toudao\\common\\common01.py', 'C:\\Users\\OUR\\Desktop\\tpsautomation\\tpsautomation\\testcases\\beihang\\toudao\\startandexit\\startup01.py', 'C:\\Users\\OUR\\Desktop\\tpsautomation\\tpsautomation\\testcases\\beihang\\toudao\\startandexit\\startup02.py']
2018-07-13 17:22:34       run.py  [line:38] root:  DEBUG    excute 3 cases------['C:\\Users\\OUR\\Desktop\\tpsautomation\\tpsautomation\\testcases\\beihang\\toudao\\common\\common01.py', 'C:\\Users\\OUR\\Desktop\\tpsautomation\\tpsautomation\\testcases\\beihang\\toudao\\startandexit\\startup01.py', 'C:\\Users\\OUR\\Desktop\\tpsautomation\\tpsautomation\\testcases\\beihang\\toudao\\startandexit\\startup02.py']
2018-07-13 17:22:44       run.py  [line:38] root:  DEBUG    excute 3 cases------['C:\\Users\\OUR\\Desktop\\tpsautomation\\tpsautomation\\testcases\\beihang\\toudao\\common\\common01.py', 'C:\\Users\\OUR\\Desktop\\tpsautomation\\tpsautomation\\testcases\\beihang\\toudao\\startandexit\\startup01.py', 'C:\\Users\\OUR\\Desktop\\tpsautomation\\tpsautomation\\testcases\\beihang\\toudao\\startandexit\\startup02.py']
2018-07-13 17:22:49       run.py  [line:38] root:  DEBUG    excute 3 cases------['C:\\Users\\OUR\\Desktop\\tpsautomation\\tpsautomation\\testcases\\beihang\\toudao\\common\\common01.py', 'C:\\Users\\OUR\\Desktop\\tpsautomation\\tpsautomation\\testcases\\beihang\\toudao\\startandexit\\startup01.py', 'C:\\Users\\OUR\\Desktop\\tpsautomation\\tpsautomation\\testcases\\beihang\\toudao\\startandexit\\startup02.py']
2018-07-13 17:23:00       run.py  [line:38] root:  DEBUG    excute 3 cases------['C:\\Users\\OUR\\Desktop\\tpsautomation\\tpsautomation\\testcases\\beihang\\toudao\\common\\common01.py', 'C:\\Users\\OUR\\Desktop\\tpsautomation\\tpsautomation\\testcases\\beihang\\toudao\\startandexit\\startup01.py', 'C:\\Users\\OUR\\Desktop\\tpsautomation\\tpsautomation\\testcases\\beihang\\toudao\\startandexit\\startup02.py']
2018-07-13 17:24:33       run.py  [line:38] root:  DEBUG    excute 3 cases------['C:\\Users\\OUR\\Desktop\\tpsautomation\\tpsautomation\\testcases\\beihang\\toudao\\common\\common01.py', 'C:\\Users\\OUR\\Desktop\\tpsautomation\\tpsautomation\\testcases\\beihang\\toudao\\startandexit\\startup01.py', 'C:\\Users\\OUR\\Desktop\\tpsautomation\\tpsautomation\\testcases\\beihang\\toudao\\startandexit\\startup02.py']
2018-07-13 17:28:38       run.py  [line:38] root:  DEBUG    excute 3 cases------['C:\\Users\\OUR\\Desktop\\tpsautomation\\tpsautomation\\testcases\\beihang\\toudao\\common\\common01.py', 'C:\\Users\\OUR\\Desktop\\tpsautomation\\tpsautomation\\testcases\\beihang\\toudao\\startandexit\\startup01.py', 'C:\\Users\\OUR\\Desktop\\tpsautomation\\tpsautomation\\testcases\\beihang\\toudao\\startandexit\\startup02.py']
2018-07-13 17:29:03       run.py  [line:38] root:  DEBUG    excute 3 cases------['C:\\Users\\OUR\\Desktop\\tpsautomation\\tpsautomation\\testcases\\beihang\\toudao\\common\\common01.py', 'C:\\Users\\OUR\\Desktop\\tpsautomation\\tpsautomation\\testcases\\beihang\\toudao\\startandexit\\startup01.py', 'C:\\Users\\OUR\\Desktop\\tpsautomation\\tpsautomation\\testcases\\beihang\\toudao\\startandexit\\startup02.py']
2018-07-13 17:29:42       run.py  [line:38] root:  DEBUG    excute 3 cases------['C:\\Users\\OUR\\Desktop\\tpsautomation\\tpsautomation\\testcases\\beihang\\toudao\\common\\common01.py', 'C:\\Users\\OUR\\Desktop\\tpsautomation\\tpsautomation\\testcases\\beihang\\toudao\\startandexit\\startup01.py', 'C:\\Users\\OUR\\Desktop\\tpsautomation\\tpsautomation\\testcases\\beihang\\toudao\\startandexit\\startup02.py']
2018-07-16 13:06:51       run.py  [line:57] root:  ERROR    file: __main__ exception: ()
2018-07-16 13:14:26       run.py  [line:58] root:  ERROR    file: __main__ exception: ("kill_tps_application_if_needed() missing 1 required positional argument: 'tpsexepath'",)
2018-07-16 13:18:45       run.py  [line:58] root:  ERROR    file: __main__ exception: ("kill_tps_application_if_needed() missing 1 required positional argument: 'tpsexepath'",)
2018-07-16 13:20:08       commonoperation.py  [line:25] root:  DEBUG    close_if_exists fail
2018-07-16 13:20:29       run.py  [line:56] root:  DEBUG    excute 3 cases------['C:\\Users\\OUR\\Desktop\\tpsautomation\\tpsautomation\\testcases\\beihang\\toudao\\common\\common01.py', 'C:\\Users\\OUR\\Desktop\\tpsautomation\\tpsautomation\\testcases\\beihang\\toudao\\startandexit\\exit.py', 'C:\\Users\\OUR\\Desktop\\tpsautomation\\tpsautomation\\testcases\\beihang\\toudao\\startandexit\\login.py']
2018-07-16 13:49:30       commonoperation.py  [line:25] root:  DEBUG    close_if_exists fail
2018-07-16 13:51:29       commonoperation.py  [line:25] root:  DEBUG    close_if_exists fail
2018-07-16 13:51:42       run.py  [line:55] root:  DEBUG    excute 3 cases------['C:\\Users\\OUR\\Desktop\\tpsautomation\\tpsautomation\\testcases\\beihang\\toudao\\common\\common01.py', 'C:\\Users\\OUR\\Desktop\\tpsautomation\\tpsautomation\\testcases\\beihang\\toudao\\startandexit\\exit.py', 'C:\\Users\\OUR\\Desktop\\tpsautomation\\tpsautomation\\testcases\\beihang\\toudao\\startandexit\\login.py']
2018-07-16 13:52:13       commonoperation.py  [line:25] root:  DEBUG    close_if_exists fail
2018-07-16 13:52:16       run.py  [line:55] root:  DEBUG    excute 3 cases------['C:\\Users\\OUR\\Desktop\\tpsautomation\\tpsautomation\\testcases\\beihang\\toudao\\common\\common01.py', 'C:\\Users\\OUR\\Desktop\\tpsautomation\\tpsautomation\\testcases\\beihang\\toudao\\startandexit\\exit.py', 'C:\\Users\\OUR\\Desktop\\tpsautomation\\tpsautomation\\testcases\\beihang\\toudao\\startandexit\\login.py']
2018-07-16 13:54:57       commonoperation.py  [line:25] root:  DEBUG    close_if_exists fail
2018-07-16 13:55:00       run.py  [line:55] root:  DEBUG    excute 3 cases------['C:\\Users\\OUR\\Desktop\\tpsautomation\\tpsautomation\\testcases\\beihang\\toudao\\common\\common01.py', 'C:\\Users\\OUR\\Desktop\\tpsautomation\\tpsautomation\\testcases\\beihang\\toudao\\startandexit\\exit.py', 'C:\\Users\\OUR\\Desktop\\tpsautomation\\tpsautomation\\testcases\\beihang\\toudao\\startandexit\\login.py']
2018-07-16 13:56:36       commonoperation.py  [line:25] root:  DEBUG    close_if_exists fail
2018-07-16 13:56:39       run.py  [line:55] root:  DEBUG    excute 3 cases------['C:\\Users\\OUR\\Desktop\\tpsautomation\\tpsautomation\\testcases\\beihang\\toudao\\common\\common01.py', 'C:\\Users\\OUR\\Desktop\\tpsautomation\\tpsautomation\\testcases\\beihang\\toudao\\startandexit\\exit.py', 'C:\\Users\\OUR\\Desktop\\tpsautomation\\tpsautomation\\testcases\\beihang\\toudao\\startandexit\\login.py']
2018-07-16 13:56:47       run.py  [line:55] root:  DEBUG    excute 3 cases------['C:\\Users\\OUR\\Desktop\\tpsautomation\\tpsautomation\\testcases\\beihang\\toudao\\common\\common01.py', 'C:\\Users\\OUR\\Desktop\\tpsautomation\\tpsautomation\\testcases\\beihang\\toudao\\startandexit\\exit.py', 'C:\\Users\\OUR\\Desktop\\tpsautomation\\tpsautomation\\testcases\\beihang\\toudao\\startandexit\\login.py']
2018-07-16 14:19:41       commonoperation.py  [line:25] root:  DEBUG    close_if_exists fail
2018-07-16 14:19:47       run.py  [line:57] root:  DEBUG    excute 3 cases------['C:\\Users\\OUR\\Desktop\\tpsautomation\\tpsautomation\\testcases\\beihang\\toudao\\common\\common01.py', 'C:\\Users\\OUR\\Desktop\\tpsautomation\\tpsautomation\\testcases\\beihang\\toudao\\startandexit\\01_login.py', 'C:\\Users\\OUR\\Desktop\\tpsautomation\\tpsautomation\\testcases\\beihang\\toudao\\startandexit\\02_exit.py']
2018-07-16 14:21:17       commonoperation.py  [line:25] root:  DEBUG    close_if_exists fail
2018-07-16 14:21:20       run.py  [line:57] root:  DEBUG    excute 3 cases------['C:\\Users\\OUR\\Desktop\\tpsautomation\\tpsautomation\\testcases\\beihang\\toudao\\common\\common01.py', 'C:\\Users\\OUR\\Desktop\\tpsautomation\\tpsautomation\\testcases\\beihang\\toudao\\startandexit\\01_login.py', 'C:\\Users\\OUR\\Desktop\\tpsautomation\\tpsautomation\\testcases\\beihang\\toudao\\startandexit\\02_exit.py']
2018-07-16 14:30:14       commonoperation.py  [line:25] root:  DEBUG    close_if_exists fail
2018-07-16 14:30:17       run.py  [line:57] root:  DEBUG    excute 3 cases------['C:\\Users\\OUR\\Desktop\\tpsautomation\\tpsautomation\\testcases\\beihang\\toudao\\common\\common01.py', 'C:\\Users\\OUR\\Desktop\\tpsautomation\\tpsautomation\\testcases\\beihang\\toudao\\startandexit\\01_login.py', 'C:\\Users\\OUR\\Desktop\\tpsautomation\\tpsautomation\\testcases\\beihang\\toudao\\startandexit\\02_exit.py']
2018-07-16 14:37:41       commonoperation.py  [line:25] root:  DEBUG    close_if_exists fail
2018-07-16 14:37:44       run.py  [line:57] root:  DEBUG    excute 3 cases------['C:\\Users\\OUR\\Desktop\\tpsautomation\\tpsautomation\\testcases\\beihang\\toudao\\common\\common01.py', 'C:\\Users\\OUR\\Desktop\\tpsautomation\\tpsautomation\\testcases\\beihang\\toudao\\startandexit\\01_login.py', 'C:\\Users\\OUR\\Desktop\\tpsautomation\\tpsautomation\\testcases\\beihang\\toudao\\startandexit\\02_exit.py']
2018-07-16 14:38:19       pyautoguiwrapper.py  [line:83] root:  DEBUG    file: tpsautomation.model.pyautoguiwrapper -- message: move_mouse successful
2018-07-16 14:38:50       commonoperation.py  [line:63] root:  DEBUG    exit_current_connect_application fail
2018-07-16 14:49:05       run.py  [line:57] root:  DEBUG    excute 3 cases------['C:\\Users\\OUR\\Desktop\\tpsautomation\\tpsautomation\\testcases\\beihang\\toudao\\common\\common01.py', 'C:\\Users\\OUR\\Desktop\\tpsautomation\\tpsautomation\\testcases\\beihang\\toudao\\startandexit\\011_exit.py', 'C:\\Users\\OUR\\Desktop\\tpsautomation\\tpsautomation\\testcases\\beihang\\toudao\\startandexit\\login.py']
2018-07-16 14:53:16       commonoperation.py  [line:25] root:  DEBUG    close_if_exists fail
2018-07-16 14:53:19       run.py  [line:57] root:  DEBUG    excute 3 cases------['C:\\Users\\OUR\\Desktop\\tpsautomation\\tpsautomation\\testcases\\beihang\\toudao\\common\\common01.py', 'C:\\Users\\OUR\\Desktop\\tpsautomation\\tpsautomation\\testcases\\beihang\\toudao\\startandexit\\01_login.py', 'C:\\Users\\OUR\\Desktop\\tpsautomation\\tpsautomation\\testcases\\beihang\\toudao\\startandexit\\02_exit.py']
2018-07-16 14:53:53       pyautoguiwrapper.py  [line:83] root:  DEBUG    file: tpsautomation.model.pyautoguiwrapper -- message: move_mouse successful
2018-07-16 14:54:24       commonoperation.py  [line:63] root:  DEBUG    exit_current_connect_application fail
2018-07-16 14:54:52       run.py  [line:57] root:  DEBUG    excute 3 cases------['C:\\Users\\OUR\\Desktop\\tpsautomation\\tpsautomation\\testcases\\beihang\\toudao\\common\\common01.py', 'C:\\Users\\OUR\\Desktop\\tpsautomation\\tpsautomation\\testcases\\beihang\\toudao\\startandexit\\01_login.py', 'C:\\Users\\OUR\\Desktop\\tpsautomation\\tpsautomation\\testcases\\beihang\\toudao\\startandexit\\02_exit.py']
2018-07-16 14:55:27       pyautoguiwrapper.py  [line:83] root:  DEBUG    file: tpsautomation.model.pyautoguiwrapper -- message: move_mouse successful
2018-07-16 14:55:58       commonoperation.py  [line:63] root:  DEBUG    exit_current_connect_application fail
2018-07-16 15:08:02       pyautoguiwrapper.py  [line:83] root:  DEBUG    file: tpsautomation.model.pyautoguiwrapper -- message: move_mouse successful
2018-07-16 15:08:54       pyautoguiwrapper.py  [line:83] root:  DEBUG    file: tpsautomation.model.pyautoguiwrapper -- message: move_mouse successful
2018-07-16 15:09:03       pyautoguiwrapper.py  [line:83] root:  DEBUG    file: tpsautomation.model.pyautoguiwrapper -- message: move_mouse successful
2018-07-16 15:10:50       run.py  [line:57] root:  DEBUG    excute 3 cases------['C:\\Users\\OUR\\Desktop\\tpsautomation\\tpsautomation\\testcases\\beihang\\toudao\\common\\common01.py', 'C:\\Users\\OUR\\Desktop\\tpsautomation\\tpsautomation\\testcases\\beihang\\toudao\\startandexit\\01_login.py', 'C:\\Users\\OUR\\Desktop\\tpsautomation\\tpsautomation\\testcases\\beihang\\toudao\\startandexit\\02_exit.py']
2018-07-16 15:11:25       pyautoguiwrapper.py  [line:83] root:  DEBUG    file: tpsautomation.model.pyautoguiwrapper -- message: move_mouse successful
2018-07-16 15:11:56       pyautoguiwrapper.py  [line:83] root:  DEBUG    file: tpsautomation.model.pyautoguiwrapper -- message: move_mouse successful
2018-07-16 15:12:04       pyautoguiwrapper.py  [line:83] root:  DEBUG    file: tpsautomation.model.pyautoguiwrapper -- message: move_mouse successful
2018-07-16 15:48:37       run.py  [line:57] root:  DEBUG    excute 3 cases------['C:\\Users\\OUR\\Desktop\\tpsautomation\\tpsautomation\\testcases\\beihang\\toudao\\common\\common01.py', 'C:\\Users\\OUR\\Desktop\\tpsautomation\\tpsautomation\\testcases\\beihang\\toudao\\startandexit\\01_login.py', 'C:\\Users\\OUR\\Desktop\\tpsautomation\\tpsautomation\\testcases\\beihang\\toudao\\startandexit\\02_exit.py']
2018-07-16 15:48:38       commonoperation.py  [line:34] root:  DEBUG    can not start tps
2018-07-16 15:49:21       commonoperation.py  [line:26] root:  DEBUG    close_if_exists fail
2018-07-16 15:49:24       run.py  [line:57] root:  DEBUG    excute 3 cases------['C:\\Users\\OUR\\Desktop\\tpsautomation\\tpsautomation\\testcases\\beihang\\toudao\\common\\common01.py', 'C:\\Users\\OUR\\Desktop\\tpsautomation\\tpsautomation\\testcases\\beihang\\toudao\\startandexit\\01_login.py', 'C:\\Users\\OUR\\Desktop\\tpsautomation\\tpsautomation\\testcases\\beihang\\toudao\\startandexit\\02_exit.py']
2018-07-16 15:49:33       commonoperation.py  [line:34] root:  DEBUG    can not start tps
2018-07-16 15:49:56       commonoperation.py  [line:42] root:  DEBUG    can not connect tps
2018-07-16 15:49:56       commonoperation.py  [line:65] root:  DEBUG    logout_tps fail
2018-07-16 15:51:44       commonoperation.py  [line:26] root:  DEBUG    close_if_exists fail
2018-07-16 15:51:47       run.py  [line:57] root:  DEBUG    excute 3 cases------['C:\\Users\\OUR\\Desktop\\tpsautomation\\tpsautomation\\testcases\\beihang\\toudao\\common\\common01.py', 'C:\\Users\\OUR\\Desktop\\tpsautomation\\tpsautomation\\testcases\\beihang\\toudao\\startandexit\\01_login.py', 'C:\\Users\\OUR\\Desktop\\tpsautomation\\tpsautomation\\testcases\\beihang\\toudao\\startandexit\\02_exit.py']
2018-07-16 15:52:27       commonoperation.py  [line:42] root:  DEBUG    can not connect tps
2018-07-16 15:52:27       commonoperation.py  [line:65] root:  DEBUG    logout_tps fail
2018-07-16 15:57:31       commonoperation.py  [line:26] root:  DEBUG    close_if_exists fail
2018-07-16 15:57:34       run.py  [line:57] root:  DEBUG    excute 3 cases------['C:\\Users\\OUR\\Desktop\\tpsautomation\\tpsautomation\\testcases\\beihang\\toudao\\common\\common01.py', 'C:\\Users\\OUR\\Desktop\\tpsautomation\\tpsautomation\\testcases\\beihang\\toudao\\startandexit\\01_login.py', 'C:\\Users\\OUR\\Desktop\\tpsautomation\\tpsautomation\\testcases\\beihang\\toudao\\startandexit\\02_exit.py']
2018-07-16 15:57:38       pyautoguiwrapper.py  [line:83] root:  DEBUG    file: tpsautomation.model.pyautoguiwrapper -- message: move_mouse successful
2018-07-16 15:58:10       pyautoguiwrapper.py  [line:83] root:  DEBUG    file: tpsautomation.model.pyautoguiwrapper -- message: move_mouse successful
2018-07-16 16:00:08       commonoperation.py  [line:26] root:  DEBUG    close_if_exists fail
2018-07-16 16:00:26       run.py  [line:59] root:  DEBUG    excute 3 cases------['C:\\Users\\OUR\\Desktop\\tpsautomation\\tpsautomation\\testcases\\beihang\\toudao\\common\\common01.py', 'C:\\Users\\OUR\\Desktop\\tpsautomation\\tpsautomation\\testcases\\beihang\\toudao\\startandexit\\01_login.py', 'C:\\Users\\OUR\\Desktop\\tpsautomation\\tpsautomation\\testcases\\beihang\\toudao\\startandexit\\02_exit.py']
2018-07-16 16:00:31       pyautoguiwrapper.py  [line:83] root:  DEBUG    file: tpsautomation.model.pyautoguiwrapper -- message: move_mouse successful
2018-07-16 16:10:13       commonoperation.py  [line:26] root:  DEBUG    close_if_exists fail
2018-07-16 16:10:16       run.py  [line:57] root:  DEBUG    excute 3 cases------['C:\\Users\\OUR\\Desktop\\tpsautomation\\tpsautomation\\testcases\\beihang\\toudao\\common\\common01.py', 'C:\\Users\\OUR\\Desktop\\tpsautomation\\tpsautomation\\testcases\\beihang\\toudao\\startandexit\\01_login.py', 'C:\\Users\\OUR\\Desktop\\tpsautomation\\tpsautomation\\testcases\\beihang\\toudao\\startandexit\\02_exit.py']
2018-07-16 16:10:50       pyautoguiwrapper.py  [line:83] root:  DEBUG    file: tpsautomation.model.pyautoguiwrapper -- message: move_mouse successful
2018-07-16 16:11:22       pyautoguiwrapper.py  [line:83] root:  DEBUG    file: tpsautomation.model.pyautoguiwrapper -- message: move_mouse successful
2018-07-16 16:11:30       pyautoguiwrapper.py  [line:83] root:  DEBUG    file: tpsautomation.model.pyautoguiwrapper -- message: move_mouse successful
2018-07-16 16:19:59       run.py  [line:57] root:  DEBUG    excute 3 cases------['C:\\Users\\OUR\\Desktop\\tpsautomation\\tpsautomation\\testcases\\beihang\\toudao\\common\\common01.py', 'C:\\Users\\OUR\\Desktop\\tpsautomation\\tpsautomation\\testcases\\beihang\\toudao\\startandexit\\01_login.py', 'C:\\Users\\OUR\\Desktop\\tpsautomation\\tpsautomation\\testcases\\beihang\\toudao\\startandexit\\02_exit.py']
2018-07-16 16:21:11       commonoperation.py  [line:26] root:  DEBUG    close_if_exists fail
2018-07-16 16:21:14       run.py  [line:57] root:  DEBUG    excute 3 cases------['C:\\Users\\OUR\\Desktop\\tpsautomation\\tpsautomation\\testcases\\beihang\\toudao\\common\\common01.py', 'C:\\Users\\OUR\\Desktop\\tpsautomation\\tpsautomation\\testcases\\beihang\\toudao\\startandexit\\01_login.py', 'C:\\Users\\OUR\\Desktop\\tpsautomation\\tpsautomation\\testcases\\beihang\\toudao\\startandexit\\02_exit.py']
2018-07-16 16:21:48       pyautoguiwrapper.py  [line:83] root:  DEBUG    file: tpsautomation.model.pyautoguiwrapper -- message: move_mouse successful
2018-07-16 16:22:19       pyautoguiwrapper.py  [line:83] root:  DEBUG    file: tpsautomation.model.pyautoguiwrapper -- message: move_mouse successful
2018-07-16 16:22:27       pyautoguiwrapper.py  [line:83] root:  DEBUG    file: tpsautomation.model.pyautoguiwrapper -- message: move_mouse successful
2018-07-19 13:58:45       commonoperation.py  [line:28] root:  DEBUG    close_if_exists fail
2018-07-19 13:58:48       run.py  [line:56] root:  DEBUG    excute 3 cases------['C:\\Users\\T5810\\Desktop\\tpsautomation\\tpsautomation\\testcases\\beihang\\toudao\\common\\common01.py', 'C:\\Users\\T5810\\Desktop\\tpsautomation\\tpsautomation\\testcases\\beihang\\toudao\\startandexit\\01_login.py', 'C:\\Users\\T5810\\Desktop\\tpsautomation\\tpsautomation\\testcases\\beihang\\toudao\\startandexit\\02_exit.py']
2018-07-19 13:58:48       run.py  [line:83] root:  ERROR    file: __main__ function: <module> lineno: 63 args: (20, '', None, 267, None))
2018-07-19 14:05:25       commonoperation.py  [line:28] root:  DEBUG    close_if_exists fail
2018-07-19 14:05:28       run.py  [line:56] root:  DEBUG    excute 3 cases------['C:\\Users\\T5810\\Desktop\\tpsautomation\\tpsautomation\\testcases\\beihang\\toudao\\common\\common01.py', 'C:\\Users\\T5810\\Desktop\\tpsautomation\\tpsautomation\\testcases\\beihang\\toudao\\startandexit\\01_login.py', 'C:\\Users\\T5810\\Desktop\\tpsautomation\\tpsautomation\\testcases\\beihang\\toudao\\startandexit\\02_exit.py']
2018-07-19 14:07:40       commonoperation.py  [line:28] root:  DEBUG    close_if_exists fail
2018-07-19 14:09:02       run.py  [line:55] root:  DEBUG    excute 3 cases------['C:\\Users\\T5810\\Desktop\\tpsautomation\\tpsautomation\\testcases\\beihang\\toudao\\common\\common01.py', 'C:\\Users\\T5810\\Desktop\\tpsautomation\\tpsautomation\\testcases\\beihang\\toudao\\startandexit\\01_login.py', 'C:\\Users\\T5810\\Desktop\\tpsautomation\\tpsautomation\\testcases\\beihang\\toudao\\startandexit\\02_exit.py']
2018-07-19 14:24:01       commonoperation.py  [line:28] root:  DEBUG    close_if_exists fail
2018-07-19 14:24:04       run.py  [line:55] root:  DEBUG    excute 3 cases------['C:\\Users\\T5810\\Desktop\\tpsautomation\\tpsautomation\\testcases\\beihang\\toudao\\common\\common01.py', 'C:\\Users\\T5810\\Desktop\\tpsautomation\\tpsautomation\\testcases\\beihang\\toudao\\startandexit\\01_login.py', 'C:\\Users\\T5810\\Desktop\\tpsautomation\\tpsautomation\\testcases\\beihang\\toudao\\startandexit\\02_exit.py']
2018-07-19 14:40:27       commonoperation.py  [line:28] root:  DEBUG    close_if_exists fail
2018-07-19 14:40:30       run.py  [line:55] root:  DEBUG    excute 3 cases------['C:\\Users\\T5810\\Desktop\\tpsautomation\\tpsautomation\\testcases\\beihang\\toudao\\common\\common01.py', 'C:\\Users\\T5810\\Desktop\\tpsautomation\\tpsautomation\\testcases\\beihang\\toudao\\startandexit\\01_login.py', 'C:\\Users\\T5810\\Desktop\\tpsautomation\\tpsautomation\\testcases\\beihang\\toudao\\startandexit\\02_exit.py']
2018-07-19 14:47:16       commonoperation.py  [line:28] root:  DEBUG    close_if_exists fail
2018-07-19 14:47:19       run.py  [line:55] root:  DEBUG    excute 3 cases------['C:\\Users\\T5810\\Desktop\\tpsautomation\\tpsautomation\\testcases\\beihang\\toudao\\common\\common01.py', 'C:\\Users\\T5810\\Desktop\\tpsautomation\\tpsautomation\\testcases\\beihang\\toudao\\startandexit\\01_login.py', 'C:\\Users\\T5810\\Desktop\\tpsautomation\\tpsautomation\\testcases\\beihang\\toudao\\startandexit\\02_exit.py']
2018-07-19 14:51:29       commonoperation.py  [line:28] root:  DEBUG    close_if_exists fail
2018-07-19 14:51:32       run.py  [line:55] root:  DEBUG    excute 3 cases------['C:\\Users\\T5810\\Desktop\\tpsautomation\\tpsautomation\\testcases\\beihang\\toudao\\common\\common01.py', 'C:\\Users\\T5810\\Desktop\\tpsautomation\\tpsautomation\\testcases\\beihang\\toudao\\startandexit\\01_login.py', 'C:\\Users\\T5810\\Desktop\\tpsautomation\\tpsautomation\\testcases\\beihang\\toudao\\startandexit\\02_exit.py']
2018-07-19 14:53:50       commonoperation.py  [line:28] root:  DEBUG    close_if_exists fail
2018-07-19 14:53:53       run.py  [line:55] root:  DEBUG    excute 3 cases------['C:\\Users\\T5810\\Desktop\\tpsautomation\\tpsautomation\\testcases\\beihang\\toudao\\common\\common01.py', 'C:\\Users\\T5810\\Desktop\\tpsautomation\\tpsautomation\\testcases\\beihang\\toudao\\startandexit\\01_login.py', 'C:\\Users\\T5810\\Desktop\\tpsautomation\\tpsautomation\\testcases\\beihang\\toudao\\startandexit\\02_exit.py']
2018-07-19 14:55:13       commonoperation.py  [line:28] root:  DEBUG    close_if_exists fail
2018-07-19 14:55:16       run.py  [line:55] root:  DEBUG    excute 3 cases------['C:\\Users\\T5810\\Desktop\\tpsautomation\\tpsautomation\\testcases\\beihang\\toudao\\common\\common01.py', 'C:\\Users\\T5810\\Desktop\\tpsautomation\\tpsautomation\\testcases\\beihang\\toudao\\startandexit\\01_login.py', 'C:\\Users\\T5810\\Desktop\\tpsautomation\\tpsautomation\\testcases\\beihang\\toudao\\startandexit\\02_exit.py']
2018-07-19 14:55:53       pyautoguiwrapper.py  [line:83] root:  DEBUG    file: tpsautomation.model.pyautoguiwrapper -- message: move_mouse successful
2018-07-19 14:59:20       commonoperation.py  [line:28] root:  DEBUG    close_if_exists fail
2018-07-19 14:59:23       run.py  [line:55] root:  DEBUG    excute 3 cases------['C:\\Users\\T5810\\Desktop\\tpsautomation\\tpsautomation\\testcases\\beihang\\toudao\\common\\common01.py', 'C:\\Users\\T5810\\Desktop\\tpsautomation\\tpsautomation\\testcases\\beihang\\toudao\\startandexit\\01_login.py', 'C:\\Users\\T5810\\Desktop\\tpsautomation\\tpsautomation\\testcases\\beihang\\toudao\\startandexit\\02_exit.py']
2018-07-19 14:59:58       pyautoguiwrapper.py  [line:83] root:  DEBUG    file: tpsautomation.model.pyautoguiwrapper -- message: move_mouse successful
2018-07-19 15:00:28       pyautoguiwrapper.py  [line:83] root:  DEBUG    file: tpsautomation.model.pyautoguiwrapper -- message: move_mouse successful
2018-07-19 15:00:36       pyautoguiwrapper.py  [line:83] root:  DEBUG    file: tpsautomation.model.pyautoguiwrapper -- message: move_mouse successful
2018-07-19 15:14:09       commonoperation.py  [line:28] root:  DEBUG    close_if_exists fail
2018-07-19 15:14:12       run.py  [line:55] root:  DEBUG    excute 3 cases------['C:\\Users\\T5810\\Desktop\\tpsautomation\\tpsautomation\\testcases\\beihang\\toudao\\common\\common01.py', 'C:\\Users\\T5810\\Desktop\\tpsautomation\\tpsautomation\\testcases\\beihang\\toudao\\startandexit\\01_login.py', 'C:\\Users\\T5810\\Desktop\\tpsautomation\\tpsautomation\\testcases\\beihang\\toudao\\startandexit\\02_exit.py']
2018-07-19 15:14:47       pyautoguiwrapper.py  [line:83] root:  DEBUG    file: tpsautomation.model.pyautoguiwrapper -- message: move_mouse successful
2018-07-19 15:15:17       pyautoguiwrapper.py  [line:83] root:  DEBUG    file: tpsautomation.model.pyautoguiwrapper -- message: move_mouse successful
2018-07-19 15:15:25       pyautoguiwrapper.py  [line:83] root:  DEBUG    file: tpsautomation.model.pyautoguiwrapper -- message: move_mouse successful
