2018-06-28 14:55:44       test_tpslogging.py  [line:16] example02:  INFO     This is info message
2018-06-28 14:55:44       test_tpslogging.py  [line:17] example02:  WARNING  This is warning message
2018-06-28 15:36:33       test_tpslogging.py  [line:16] example02:  INFO     This is info message
2018-06-28 15:36:33       test_tpslogging.py  [line:17] example02:  WARNING  This is warning message
2018-06-28 15:36:37       test_tpslogging.py  [line:16] example02:  INFO     This is info message
2018-06-28 15:36:37       test_tpslogging.py  [line:17] example02:  WARNING  This is warning message
2018-06-28 15:37:30       test_tpslogging.py  [line:17] example02:  INFO     This is info message
2018-06-28 15:37:30       test_tpslogging.py  [line:18] example02:  WARNING  This is warning message
2018-06-28 15:52:32       test_tpslogging.py  [line:17] example02:  INFO     This is info message
2018-06-28 15:52:32       test_tpslogging.py  [line:18] example02:  WARNING  This is warning message
2018-06-28 16:19:54       test_tpslogging.py  [line:16] example02:  INFO     This is info message
2018-06-28 16:19:54       test_tpslogging.py  [line:17] example02:  WARNING  This is warning message
2018-06-28 16:25:09       test_tpslogging.py  [line:16] example02:  INFO     This is info message
2018-06-28 16:25:09       test_tpslogging.py  [line:17] example02:  WARNING  This is warning message
2018-06-28 16:43:58       test_tpslogging.py  [line:16] example02:  INFO     This is info message
2018-06-28 16:43:58       test_tpslogging.py  [line:17] example02:  WARNING  This is warning message
2018-06-28 16:44:47       test_tpslogging.py  [line:16] example02:  INFO     This is info message
2018-06-28 16:44:47       test_tpslogging.py  [line:17] example02:  WARNING  This is warning message
2018-06-28 16:49:20       test_tpslogging.py  [line:16] example02:  INFO     This is info message
2018-06-28 16:49:20       test_tpslogging.py  [line:17] example02:  WARNING  This is warning message
2018-06-28 17:05:00       test_tpslogging.py  [line:16] example02:  INFO     This is info message
2018-06-28 17:05:00       test_tpslogging.py  [line:17] example02:  WARNING  This is warning message
2018-06-28 17:13:38       test_tpslogging.py  [line:16] example02:  INFO     This is info message
2018-06-28 17:13:38       test_tpslogging.py  [line:17] example02:  WARNING  This is warning message
2018-06-28 17:20:48       test_tpslogging.py  [line:16] example02:  INFO     This is info message
2018-06-28 17:20:48       test_tpslogging.py  [line:17] example02:  WARNING  This is warning message
2018-07-13 16:03:41       run.py  [line:61] root:  ERROR    file: __main__ exception: ("type object 'CaseResult' has no attribute 'CaseResult'",)
2018-07-16 13:06:51       run.py  [line:57] root:  ERROR    file: __main__ exception: ()
2018-07-16 13:14:26       run.py  [line:58] root:  ERROR    file: __main__ exception: ("kill_tps_application_if_needed() missing 1 required positional argument: 'tpsexepath'",)
2018-07-16 13:18:45       run.py  [line:58] root:  ERROR    file: __main__ exception: ("kill_tps_application_if_needed() missing 1 required positional argument: 'tpsexepath'",)
2018-07-19 13:58:48       run.py  [line:83] root:  ERROR    file: __main__ function: <module> lineno: 63 args: (20, '目录名称无效。', None, 267, None))
